{
  "stats": {
    "suites": 5,
    "tests": 13,
    "passes": 13,
    "pending": 0,
    "failures": 0,
    "start": "2025-05-21T01:50:56.377Z",
    "end": "2025-05-21T01:51:07.642Z",
    "duration": 11265,
    "testsRegistered": 13,
    "passPercent": 100,
    "pendingPercent": 0,
    "other": 0,
    "hasOther": false,
    "skipped": 0,
    "hasSkipped": false
  },
  "results": [
    {
      "uuid": "6708db6b-7dd0-40f6-af20-cc8c2d978b9e",
      "title": "",
      "fullFile": "",
      "file": "",
      "beforeHooks": [
        {
          "title": "\"before all\" hook in \"{root}\"",
          "fullTitle": "\"before all\" hook in \"{root}\"",
          "timedOut": false,
          "duration": 143,
          "state": null,
          "speed": null,
          "pass": false,
          "fail": false,
          "pending": false,
          "context": null,
          "code": "await (0, testUtils_1.activateExtension)();\nawait (0, testUtils_1.focusUnrealLogView)();",
          "err": {},
          "uuid": "06bf1d90-e6ac-4183-87d9-9e540321d6b5",
          "parentUUID": "6708db6b-7dd0-40f6-af20-cc8c2d978b9e",
          "isHook": true,
          "skipped": false
        }
      ],
      "afterHooks": [],
      "tests": [],
      "suites": [
        {
          "uuid": "b4b1611d-4f7d-4add-8392-ff2f62dde750",
          "title": "Unreal Log Viewer Extension - Basic Tests",
          "fullFile": "p:\\prj\\unreal-log-extension\\out\\test\\ui\\basic.test.js",
          "file": "p:\\prj\\unreal-log-extension\\out\\test\\ui\\basic.test.js",
          "beforeHooks": [],
          "afterHooks": [],
          "tests": [
            {
              "title": "should activate the extension",
              "fullTitle": "Unreal Log Viewer Extension - Basic Tests should activate the extension",
              "timedOut": false,
              "duration": 0,
              "state": "passed",
              "speed": "fast",
              "pass": true,
              "fail": false,
              "pending": false,
              "context": null,
              "code": "const extension = vscode.extensions.getExtension('coregames.unreal-log-viewer');\nassert.ok(extension, 'Extension should be found.');\n// Add a non-null assertion here since assert.ok already checks for undefined\nawait extension.activate();\nassert.ok(extension.isActive, 'Extension should be active after activation.');",
              "err": {},
              "uuid": "6c3e963e-f1c7-4d00-9e19-d5cc049652bf",
              "parentUUID": "b4b1611d-4f7d-4add-8392-ff2f62dde750",
              "isHook": false,
              "skipped": false
            },
            {
              "title": "should open the Unreal Log Viewer view",
              "fullTitle": "Unreal Log Viewer Extension - Basic Tests should open the Unreal Log Viewer view",
              "timedOut": false,
              "duration": 0,
              "state": "passed",
              "speed": "fast",
              "pass": true,
              "fail": false,
              "pending": false,
              "context": null,
              "code": "const extension = vscode.extensions.getExtension('coregames.unreal-log-viewer');\nassert.ok(extension, 'Extension should be found to open view.'); // Ensure extension is found\n// Check if extension is defined before accessing isActive or calling activate\nif (extension) {\n    if (!extension.isActive) {\n        await extension.activate();\n    }\n    assert.ok(extension.isActive, 'Extension must be active to open view.');\n    try {\n        await vscode.commands.executeCommand('unrealLogViewerView3.focus');\n        assert.ok(true, 'Attempted to focus the Unreal Log Viewer view.');\n    }\n    catch (error) {\n        assert.fail(`Focusing the view failed: ${error}`);\n    }\n}\nelse {\n    // This case should ideally not be reached if the first assert.ok(extension, ...) passes\n    // but it satisfies the compiler's concern about extension being potentially undefined.\n    assert.fail('Extension was not found, cannot proceed to open view.');\n}",
              "err": {},
              "uuid": "425e5dc8-3b3f-4296-99a5-5fa542e0f369",
              "parentUUID": "b4b1611d-4f7d-4add-8392-ff2f62dde750",
              "isHook": false,
              "skipped": false
            }
          ],
          "suites": [],
          "passes": [
            "6c3e963e-f1c7-4d00-9e19-d5cc049652bf",
            "425e5dc8-3b3f-4296-99a5-5fa542e0f369"
          ],
          "failures": [],
          "pending": [],
          "skipped": [],
          "duration": 0,
          "root": false,
          "rootEmpty": false,
          "_timeout": 20000
        },
        {
          "uuid": "6dd189fe-d634-488e-8303-5b6b78ff1d71",
          "title": "UI Filtering Tests",
          "fullFile": "p:\\prj\\unreal-log-extension\\out\\test\\ui\\filtering.test.js",
          "file": "p:\\prj\\unreal-log-extension\\out\\test\\ui\\filtering.test.js",
          "beforeHooks": [
            {
              "title": "\"before all\" hook in \"UI Filtering Tests\"",
              "fullTitle": "UI Filtering Tests \"before all\" hook in \"UI Filtering Tests\"",
              "timedOut": false,
              "duration": 217,
              "state": null,
              "speed": null,
              "pass": false,
              "fail": false,
              "pending": false,
              "context": null,
              "code": "await (0, testUtils_1.activateExtension)();\nawait (0, testUtils_1.focusUnrealLogView)();\nconst config = vscode.workspace.getConfiguration('unrealLogViewer');\noriginalUseRelativeTimestamps = config.get('useRelativeTimestamps');\noriginalTimestampFormat = config.get('timestampFormat');\nawait config.update('useRelativeTimestamps', false, vscode.ConfigurationTarget.Global);\nawait config.update('timestampFormat', 'HH:mm:ss.SSS', vscode.ConfigurationTarget.Global);\nawait (0, testUtils_1.delay)(testUtils_1.SETUP_COMPLETION_DELAY_MS);",
              "err": {},
              "uuid": "4fd8cf1e-f77d-4665-abc0-4501e1a6a5fc",
              "parentUUID": "6dd189fe-d634-488e-8303-5b6b78ff1d71",
              "isHook": true,
              "skipped": false
            },
            {
              "title": "\"before each\" hook in \"UI Filtering Tests\"",
              "fullTitle": "UI Filtering Tests \"before each\" hook in \"UI Filtering Tests\"",
              "timedOut": false,
              "duration": 203,
              "state": null,
              "speed": null,
              "pass": false,
              "fail": false,
              "pending": false,
              "context": null,
              "code": "await (0, testUtils_1.focusUnrealLogView)();\nawait (0, testUtils_1.clearLogs)();\nawait vscode.commands.executeCommand('unrealLogViewer.setFiltersForTest', { level: '', category: '', message: '' });\nconst isPaused = await vscode.commands.executeCommand('unrealLogViewer.getPauseStateForTest');\nif (isPaused) {\n    await vscode.commands.executeCommand('unrealLogViewer.togglePauseForTest');\n}\nawait (0, testUtils_1.delay)(testUtils_1.SETUP_COMPLETION_DELAY_MS);",
              "err": {},
              "uuid": "41b73b55-3afd-4174-bd9a-b3b79d863000",
              "parentUUID": "6dd189fe-d634-488e-8303-5b6b78ff1d71",
              "isHook": true,
              "skipped": false
            }
          ],
          "afterHooks": [
            {
              "title": "\"after all\" hook in \"UI Filtering Tests\"",
              "fullTitle": "UI Filtering Tests \"after all\" hook in \"UI Filtering Tests\"",
              "timedOut": false,
              "duration": 107,
              "state": null,
              "speed": null,
              "pass": false,
              "fail": false,
              "pending": false,
              "context": null,
              "code": "const config = vscode.workspace.getConfiguration('unrealLogViewer');\nawait config.update('useRelativeTimestamps', originalUseRelativeTimestamps, vscode.ConfigurationTarget.Global);\nawait config.update('timestampFormat', originalTimestampFormat, vscode.ConfigurationTarget.Global);\nawait (0, testUtils_1.delay)(testUtils_1.COMMAND_EXECUTION_DELAY_MS);",
              "err": {},
              "uuid": "9f911f61-8b16-4338-8263-b757e8db16b8",
              "parentUUID": "6dd189fe-d634-488e-8303-5b6b78ff1d71",
              "isHook": true,
              "skipped": false
            },
            {
              "title": "\"after each\" hook in \"UI Filtering Tests\"",
              "fullTitle": "UI Filtering Tests \"after each\" hook in \"UI Filtering Tests\"",
              "timedOut": false,
              "duration": 202,
              "state": null,
              "speed": null,
              "pass": false,
              "fail": false,
              "pending": false,
              "context": null,
              "code": "await (0, testUtils_1.focusUnrealLogView)();\nconst isPaused = await vscode.commands.executeCommand('unrealLogViewer.getPauseStateForTest');\nif (isPaused) {\n    await vscode.commands.executeCommand('unrealLogViewer.togglePauseForTest');\n}\nawait (0, testUtils_1.clearLogs)();\nawait vscode.commands.executeCommand('unrealLogViewer.setFiltersForTest', { level: '', category: '', message: '' });\nawait (0, testUtils_1.delay)(testUtils_1.COMMAND_EXECUTION_DELAY_MS);",
              "err": {},
              "uuid": "ba5ae2f3-3a0e-46d0-bc82-369f4feea60b",
              "parentUUID": "6dd189fe-d634-488e-8303-5b6b78ff1d71",
              "isHook": true,
              "skipped": false
            }
          ],
          "tests": [
            {
              "title": "test 0004: should filter by log level (Error)",
              "fullTitle": "UI Filtering Tests test 0004: should filter by log level (Error)",
              "timedOut": false,
              "duration": 409,
              "state": "passed",
              "speed": "slow",
              "pass": true,
              "fail": false,
              "pending": false,
              "context": null,
              "code": "const logError = { date: new Date().toISOString(), level: 'Error', category: 'TestCat.0004', message: 'Error message 0004' };\nconst logWarning = { date: new Date().toISOString(), level: 'Warning', category: 'TestCat.0004', message: 'Warning message 0004' };\nconst logInfo = { date: new Date().toISOString(), level: 'Log', category: 'TestCat.0004', message: 'Info message 0004' };\nawait (0, testUtils_1.sendTcpLogMessage)(testUtils_1.TEST_PORT, JSON.stringify(logError));\nawait (0, testUtils_1.sendTcpLogMessage)(testUtils_1.TEST_PORT, JSON.stringify(logWarning));\nawait (0, testUtils_1.sendTcpLogMessage)(testUtils_1.TEST_PORT, JSON.stringify(logInfo));\nawait (0, testUtils_1.delay)(testUtils_1.LOG_PROCESSING_DELAY_MS);\nawait vscode.commands.executeCommand('unrealLogViewer.setFiltersForTest', { level: 'Error' });\nawait (0, testUtils_1.delay)(testUtils_1.COMMAND_EXECUTION_DELAY_MS);\nlet displayedLogs = await (0, testUtils_1.getDisplayedLogMessages)();\nassert.strictEqual(displayedLogs.length, 1, 'Test 0004: Should display only 1 log after filtering by Error level');\nassert.strictEqual(displayedLogs[0].message, logError.message, 'Test 0004: Displayed log message mismatch');\nassert.strictEqual(displayedLogs[0].level, 'Error', 'Test 0004: Displayed log level mismatch');\nawait vscode.commands.executeCommand('unrealLogViewer.setFiltersForTest', { level: '' });\nawait (0, testUtils_1.delay)(testUtils_1.COMMAND_EXECUTION_DELAY_MS);\ndisplayedLogs = await (0, testUtils_1.getDisplayedLogMessages)();\nassert.strictEqual(displayedLogs.length, 3, 'Test 0004: Should display all 3 logs after clearing level filter');",
              "err": {},
              "uuid": "9f0d1b5f-70e6-49cf-ba4d-7b340a046ce6",
              "parentUUID": "6dd189fe-d634-488e-8303-5b6b78ff1d71",
              "isHook": false,
              "skipped": false
            },
            {
              "title": "test 0005: should filter by category",
              "fullTitle": "UI Filtering Tests test 0005: should filter by category",
              "timedOut": false,
              "duration": 305,
              "state": "passed",
              "speed": "slow",
              "pass": true,
              "fail": false,
              "pending": false,
              "context": null,
              "code": "const logCatA = { date: new Date().toISOString(), level: 'Log', category: 'CategoryA.0005', message: 'Message for CategoryA 0005' };\nconst logCatB = { date: new Date().toISOString(), level: 'Log', category: 'CategoryB.0005', message: 'Message for CategoryB 0005' };\nawait (0, testUtils_1.sendTcpLogMessage)(testUtils_1.TEST_PORT, JSON.stringify(logCatA));\nawait (0, testUtils_1.sendTcpLogMessage)(testUtils_1.TEST_PORT, JSON.stringify(logCatB));\nawait (0, testUtils_1.delay)(testUtils_1.LOG_PROCESSING_DELAY_MS);\nawait vscode.commands.executeCommand('unrealLogViewer.setFiltersForTest', { category: 'CategoryA.0005' });\nawait (0, testUtils_1.delay)(testUtils_1.COMMAND_EXECUTION_DELAY_MS);\nconst displayedLogs = await (0, testUtils_1.getDisplayedLogMessages)();\nassert.strictEqual(displayedLogs.length, 1, 'Test 0005: Should display only 1 log after filtering by CategoryA.0005');\nassert.strictEqual(displayedLogs[0].category, 'CategoryA.0005', 'Test 0005: Displayed log category mismatch');",
              "err": {},
              "uuid": "d76a4781-8d62-4daa-be88-887e99844995",
              "parentUUID": "6dd189fe-d634-488e-8303-5b6b78ff1d71",
              "isHook": false,
              "skipped": false
            },
            {
              "title": "test 0006: should filter by message content",
              "fullTitle": "UI Filtering Tests test 0006: should filter by message content",
              "timedOut": false,
              "duration": 304,
              "state": "passed",
              "speed": "slow",
              "pass": true,
              "fail": false,
              "pending": false,
              "context": null,
              "code": "const logMsg1 = { date: new Date().toISOString(), level: 'Log', category: 'MessageTest.0006', message: 'This is a unique message content 0006' };\nconst logMsg2 = { date: new Date().toISOString(), level: 'Log', category: 'MessageTest.0006', message: 'Another message 0006' };\nawait (0, testUtils_1.sendTcpLogMessage)(testUtils_1.TEST_PORT, JSON.stringify(logMsg1));\nawait (0, testUtils_1.sendTcpLogMessage)(testUtils_1.TEST_PORT, JSON.stringify(logMsg2));\nawait (0, testUtils_1.delay)(testUtils_1.LOG_PROCESSING_DELAY_MS);\nawait vscode.commands.executeCommand('unrealLogViewer.setFiltersForTest', { message: 'unique message content' });\nawait (0, testUtils_1.delay)(testUtils_1.COMMAND_EXECUTION_DELAY_MS);\nconst displayedLogs = await (0, testUtils_1.getDisplayedLogMessages)();\nassert.strictEqual(displayedLogs.length, 1, 'Test 0006: Should display only 1 log after filtering by message content');\nassert.strictEqual(displayedLogs[0].message, logMsg1.message, 'Test 0006: Displayed log message mismatch');",
              "err": {},
              "uuid": "7ac95724-835f-47b7-b9a8-c5b2c67d2267",
              "parentUUID": "6dd189fe-d634-488e-8303-5b6b78ff1d71",
              "isHook": false,
              "skipped": false
            },
            {
              "title": "test 0007: should filter by multiple criteria (level and category)",
              "fullTitle": "UI Filtering Tests test 0007: should filter by multiple criteria (level and category)",
              "timedOut": false,
              "duration": 305,
              "state": "passed",
              "speed": "slow",
              "pass": true,
              "fail": false,
              "pending": false,
              "context": null,
              "code": "const logErrorCatA = { date: new Date().toISOString(), level: 'Error', category: 'FilterCatA.0007', message: 'Error in FilterCatA 0007' };\nconst logWarnCatA = { date: new Date().toISOString(), level: 'Warning', category: 'FilterCatA.0007', message: 'Warning in FilterCatA 0007' };\nconst logErrorCatB = { date: new Date().toISOString(), level: 'Error', category: 'FilterCatB.0007', message: 'Error in FilterCatB 0007' };\nawait (0, testUtils_1.sendTcpLogMessage)(testUtils_1.TEST_PORT, JSON.stringify(logErrorCatA));\nawait (0, testUtils_1.sendTcpLogMessage)(testUtils_1.TEST_PORT, JSON.stringify(logWarnCatA));\nawait (0, testUtils_1.sendTcpLogMessage)(testUtils_1.TEST_PORT, JSON.stringify(logErrorCatB));\nawait (0, testUtils_1.delay)(testUtils_1.LOG_PROCESSING_DELAY_MS);\nawait vscode.commands.executeCommand('unrealLogViewer.setFiltersForTest', { level: 'Error', category: 'FilterCatA.0007' });\nawait (0, testUtils_1.delay)(testUtils_1.COMMAND_EXECUTION_DELAY_MS);\nconst displayedLogs = await (0, testUtils_1.getDisplayedLogMessages)();\nassert.strictEqual(displayedLogs.length, 1, 'Test 0007: Should display only 1 log after filtering by Error level and FilterCatA.0007');\nassert.strictEqual(displayedLogs[0].message, logErrorCatA.message, 'Test 0007: Displayed log message mismatch');",
              "err": {},
              "uuid": "3792a821-f8a4-4575-8487-e2ab9f43c1dd",
              "parentUUID": "6dd189fe-d634-488e-8303-5b6b78ff1d71",
              "isHook": false,
              "skipped": false
            },
            {
              "title": "test 0008: should clear all filters",
              "fullTitle": "UI Filtering Tests test 0008: should clear all filters",
              "timedOut": false,
              "duration": 406,
              "state": "passed",
              "speed": "slow",
              "pass": true,
              "fail": false,
              "pending": false,
              "context": null,
              "code": "const log1 = { date: new Date().toISOString(), level: 'Error', category: 'ClearTest.0008', message: 'First message for clear test 0008' };\nconst log2 = { date: new Date().toISOString(), level: 'Log', category: 'ClearTest.0008', message: 'Second message for clear test 0008' };\nawait (0, testUtils_1.sendTcpLogMessage)(testUtils_1.TEST_PORT, JSON.stringify(log1));\nawait (0, testUtils_1.sendTcpLogMessage)(testUtils_1.TEST_PORT, JSON.stringify(log2));\nawait (0, testUtils_1.delay)(testUtils_1.LOG_PROCESSING_DELAY_MS);\nawait vscode.commands.executeCommand('unrealLogViewer.setFiltersForTest', { level: 'Error' });\nawait (0, testUtils_1.delay)(testUtils_1.COMMAND_EXECUTION_DELAY_MS);\nlet displayedLogs = await (0, testUtils_1.getDisplayedLogMessages)();\nassert.strictEqual(displayedLogs.length, 1, 'Test 0008: Should show 1 log after initial filter');\nawait vscode.commands.executeCommand('unrealLogViewer.setFiltersForTest', { level: '', category: '', message: '' });\nawait (0, testUtils_1.delay)(testUtils_1.COMMAND_EXECUTION_DELAY_MS);\ndisplayedLogs = await (0, testUtils_1.getDisplayedLogMessages)();\nassert.strictEqual(displayedLogs.length, 2, 'Test 0008: Should show all 2 logs after clearing filters');",
              "err": {},
              "uuid": "09a4768d-4c75-4a00-880a-5714132cce8e",
              "parentUUID": "6dd189fe-d634-488e-8303-5b6b78ff1d71",
              "isHook": false,
              "skipped": false
            }
          ],
          "suites": [],
          "passes": [
            "9f0d1b5f-70e6-49cf-ba4d-7b340a046ce6",
            "d76a4781-8d62-4daa-be88-887e99844995",
            "7ac95724-835f-47b7-b9a8-c5b2c67d2267",
            "3792a821-f8a4-4575-8487-e2ab9f43c1dd",
            "09a4768d-4c75-4a00-880a-5714132cce8e"
          ],
          "failures": [],
          "pending": [],
          "skipped": [],
          "duration": 1729,
          "root": false,
          "rootEmpty": false,
          "_timeout": 20000
        },
        {
          "uuid": "aaebcb07-ff8f-4f9d-b24e-79a3c9241475",
          "title": "Unreal Log Viewer - Basic Log Reception",
          "fullFile": "p:\\prj\\unreal-log-extension\\out\\test\\ui\\logReceiving.test.js",
          "file": "p:\\prj\\unreal-log-extension\\out\\test\\ui\\logReceiving.test.js",
          "beforeHooks": [],
          "afterHooks": [],
          "tests": [
            {
              "title": "test 0001: should receive and display a simple log message via TCP",
              "fullTitle": "Unreal Log Viewer - Basic Log Reception test 0001: should receive and display a simple log message via TCP",
              "timedOut": false,
              "duration": 302,
              "state": "passed",
              "speed": "slow",
              "pass": true,
              "fail": false,
              "pending": false,
              "context": null,
              "code": "this.timeout(15000);\nconst testLog = {\n    date: new Date().toISOString(), // Use current time for simplicity in this basic test\n    category: 'BasicTest',\n    level: 'Info',\n    message: 'Basic TCP log reception test.'\n};\nconst testLogMessage = JSON.stringify(testLog) + '\\n';\nawait (0, testUtils_1.delay)(testUtils_1.LOG_PROCESSING_DELAY_MS); // Use constant\nawait (0, testUtils_1.sendTcpLogMessage)(testUtils_1.TEST_PORT, testLogMessage, 'Basic Reception Test: '); // Use TEST_PORT\nawait (0, testUtils_1.delay)(testUtils_1.COMMAND_EXECUTION_DELAY_MS); // Use constant\nconst receivedLog = await (0, testUtils_1.getAndVerifyLogEntry)(testLog, 'Basic Reception Test');\nassert.ok(receivedLog, 'The basic test log entry should be present.');",
              "err": {},
              "uuid": "e999c122-5bc5-4089-8c3f-b64c2ac70875",
              "parentUUID": "aaebcb07-ff8f-4f9d-b24e-79a3c9241475",
              "isHook": false,
              "skipped": false
            }
          ],
          "suites": [],
          "passes": [
            "e999c122-5bc5-4089-8c3f-b64c2ac70875"
          ],
          "failures": [],
          "pending": [],
          "skipped": [],
          "duration": 302,
          "root": false,
          "rootEmpty": false,
          "_timeout": 20000
        },
        {
          "uuid": "f3f51c4d-d92e-4973-8288-755a23c545d9",
          "title": "Unreal Log Viewer - Timestamp Formatting Tests",
          "fullFile": "p:\\prj\\unreal-log-extension\\out\\test\\ui\\logReceiving.test.js",
          "file": "p:\\prj\\unreal-log-extension\\out\\test\\ui\\logReceiving.test.js",
          "beforeHooks": [
            {
              "title": "\"before all\" hook in \"Unreal Log Viewer - Timestamp Formatting Tests\"",
              "fullTitle": "Unreal Log Viewer - Timestamp Formatting Tests \"before all\" hook in \"Unreal Log Viewer - Timestamp Formatting Tests\"",
              "timedOut": false,
              "duration": 1,
              "state": null,
              "speed": null,
              "pass": false,
              "fail": false,
              "pending": false,
              "context": null,
              "code": "const config = vscode.workspace.getConfiguration('unrealLogViewer');\nconst settingKey = 'useRelativeTimestamps';\nconst formatKey = 'timestampFormat';\n// 1. Inspect and store original values\noriginalUseRelativeInspection = config.inspect(settingKey);\noriginalTimestampFormatInspection = config.inspect(formatKey);\nconsole.log(`Timestamp Suite - BEFORE - Initial inspection of ${settingKey}:`, JSON.stringify(originalUseRelativeInspection, null, 2));\nconsole.log(`Timestamp Suite - BEFORE - Initial inspection of ${formatKey}:`, JSON.stringify(originalTimestampFormatInspection, null, 2));\n// Store effective values\noriginalRelativeSettingForTimestampTests = config.get(settingKey);\noriginalTimestampFormatForTimestampTests = config.get(formatKey);\nconsole.log(`Timestamp Suite - BEFORE - Saved initial settings. Effective ${settingKey}: ${originalRelativeSettingForTimestampTests}, Effective ${formatKey}: ${originalTimestampFormatForTimestampTests}`);",
              "err": {},
              "uuid": "d8ebd51f-a558-41f3-813a-db72bc4880fc",
              "parentUUID": "f3f51c4d-d92e-4973-8288-755a23c545d9",
              "isHook": true,
              "skipped": false
            },
            {
              "title": "\"before each\" hook in \"Unreal Log Viewer - Timestamp Formatting Tests\"",
              "fullTitle": "Unreal Log Viewer - Timestamp Formatting Tests \"before each\" hook in \"Unreal Log Viewer - Timestamp Formatting Tests\"",
              "timedOut": false,
              "duration": 101,
              "state": null,
              "speed": null,
              "pass": false,
              "fail": false,
              "pending": false,
              "context": null,
              "code": "// Each test will now be responsible for setting its config and then clearing logs.\nconsole.log(\"Timestamp Suite - beforeEach: (No longer clearing logs here)\");\n// Ensure any config changes from a previous test in this suite are processed before the next one starts.\nawait (0, testUtils_1.delay)(testUtils_1.SETUP_COMPLETION_DELAY_MS);",
              "err": {},
              "uuid": "e6258c09-3a3b-4999-a3db-bd46a2b26156",
              "parentUUID": "f3f51c4d-d92e-4973-8288-755a23c545d9",
              "isHook": true,
              "skipped": false
            }
          ],
          "afterHooks": [
            {
              "title": "\"after all\" hook in \"Unreal Log Viewer - Timestamp Formatting Tests\"",
              "fullTitle": "Unreal Log Viewer - Timestamp Formatting Tests \"after all\" hook in \"Unreal Log Viewer - Timestamp Formatting Tests\"",
              "timedOut": false,
              "duration": 535,
              "state": null,
              "speed": null,
              "pass": false,
              "fail": false,
              "pending": false,
              "context": null,
              "code": "const config = vscode.workspace.getConfiguration('unrealLogViewer');\nconst settingKey = 'useRelativeTimestamps';\nconst formatKey = 'timestampFormat';\nconsole.log(`Timestamp Suite - AFTER - Restoring original settings...`);\n// Restore to original effective values, and attempt to clear workspace overrides specifically.\n// This is a simplified restoration. A more complex one would use the full inspection details.\nawait config.update(settingKey, originalRelativeSettingForTimestampTests, vscode.ConfigurationTarget.Global);\nawait config.update(settingKey, undefined, vscode.ConfigurationTarget.Workspace); // Clear potential workspace override\nawait config.update(formatKey, originalTimestampFormatForTimestampTests, vscode.ConfigurationTarget.Global);\nawait config.update(formatKey, undefined, vscode.ConfigurationTarget.Workspace); // Clear potential workspace override\nawait (0, testUtils_1.delay)(testUtils_1.COMMAND_EXECUTION_DELAY_MS * 5); // Ensure settings are restored\nconsole.log(`Timestamp Suite - AFTER - Settings restored. Effective ${settingKey}: ${config.get(settingKey)}, Effective ${formatKey}: ${config.get(formatKey)}`);\nconst finalInspection = config.inspect(settingKey);\nconsole.log(`Timestamp Suite - AFTER - Final inspection of ${settingKey} after restore:`, JSON.stringify(finalInspection, null, 2));",
              "err": {},
              "uuid": "4c12d867-9de3-436c-add1-145cfb852595",
              "parentUUID": "f3f51c4d-d92e-4973-8288-755a23c545d9",
              "isHook": true,
              "skipped": false
            }
          ],
          "tests": [
            {
              "title": "test 0002: should display absolute timestamp correctly (HH:mm:ss.SSS)",
              "fullTitle": "Unreal Log Viewer - Timestamp Formatting Tests test 0002: should display absolute timestamp correctly (HH:mm:ss.SSS)",
              "timedOut": false,
              "duration": 1612,
              "state": "passed",
              "speed": "slow",
              "pass": true,
              "fail": false,
              "pending": false,
              "context": null,
              "code": "this.timeout(20000);\nlet config = vscode.workspace.getConfiguration('unrealLogViewer'); // Initial fetch\nconst settingKey = 'useRelativeTimestamps';\nconst formatKey = 'timestampFormat';\nconsole.log(`Test 0002 - START - Initial effective value of ${settingKey}: ${config.get(settingKey)}`);\nlet currentInspection = config.inspect(settingKey);\nconsole.log(`Test 0002 - START - Initial inspection of ${settingKey}:`, JSON.stringify(currentInspection, null, 2));\n// Attempt to set to false for this test\nconsole.log(`Test 0002 - Attempting to set ${settingKey} to false and ${formatKey} to HH:mm:ss.SSS`);\nawait config.update(settingKey, false, vscode.ConfigurationTarget.Global);\nawait config.update(formatKey, 'HH:mm:ss.SSS', vscode.ConfigurationTarget.Global);\nawait (0, testUtils_1.delay)(1000); // Increased delay for settings to propagate\nconfig = vscode.workspace.getConfiguration('unrealLogViewer'); // Re-fetch config\nconst currentEffectiveValue = config.get(settingKey);\ncurrentInspection = config.inspect(settingKey);\nconsole.log(`Test 0002 - After update attempts - Effective value of ${settingKey}: ${currentEffectiveValue}`);\nconsole.log(`Test 0002 - After update attempts - Inspection of ${settingKey}:`, JSON.stringify(currentInspection, null, 2));\nassert.strictEqual(currentEffectiveValue, false, `Test 0002: Configuration '${settingKey}' should be false. Effective: ${currentEffectiveValue}. Inspection: ${JSON.stringify(currentInspection)}`);\n// Clear logs AFTER settings are applied and verified for this test\nawait (0, testUtils_1.clearLogs)();\nawait (0, testUtils_1.delay)(testUtils_1.LOG_PROCESSING_DELAY_MS);\nconst currentIsoTimestamp = new Date().toISOString();\nconst testLog = { ...baseLogEntry, date: currentIsoTimestamp };\nconst testLogMessage = JSON.stringify(testLog) + '\\n';\nawait (0, testUtils_1.sendTcpLogMessage)(testUtils_1.TEST_PORT, testLogMessage, 'Absolute Timestamp Test: '); // Use TEST_PORT\nawait (0, testUtils_1.delay)(testUtils_1.LOG_PROCESSING_DELAY_MS * 2);\nconst receivedLog = await (0, testUtils_1.getAndVerifyLogEntry)(testLog, 'Absolute Timestamp Test');\nassert.ok(receivedLog, 'Log entry for absolute timestamp test should be present.');\n// Simulate the provider's behavior for expected time calculation:\n// 1. The provider receives an ISO string (e.g., \"2025-05-21T00:05:19.462Z\")\n// 2. It strips the 'Z' -> \"2025-05-21T00:05:19.462\"\n// 3. It parses this Z-stripped string with `new Date()`, which interprets it as local time.\nconst timestampWithoutZ = currentIsoTimestamp.endsWith('Z')\n    ? currentIsoTimestamp.slice(0, -1)\n    : currentIsoTimestamp;\nconst dateAsParsedByProvider = new Date(timestampWithoutZ);\nconst h = dateAsParsedByProvider.getHours().toString().padStart(2, '0');\nconst m = dateAsParsedByProvider.getMinutes().toString().padStart(2, '0');\nconst s = dateAsParsedByProvider.getSeconds().toString().padStart(2, '0');\nconst ms = dateAsParsedByProvider.getMilliseconds().toString().padStart(3, '0');\nconst expectedTime = `${h}:${m}:${s}.${ms}`;\nassert.strictEqual(receivedLog.date, expectedTime, `Absolute timestamp should match provider's parsing logic. Expected: \"${expectedTime}\", Actual: \"${receivedLog.date}\". ` +\n    `Input ISO: ${currentIsoTimestamp}. Effective '${settingKey}' was: ${currentEffectiveValue}. Timestamp sent to provider: ${timestampWithoutZ}`);",
              "err": {},
              "uuid": "a45ada4b-ba86-4d57-8df3-856b64c0aabb",
              "parentUUID": "f3f51c4d-d92e-4973-8288-755a23c545d9",
              "isHook": false,
              "skipped": false
            },
            {
              "title": "test 0003: should display relative timestamp correctly (+HH:MM:SS.mmm)",
              "fullTitle": "Unreal Log Viewer - Timestamp Formatting Tests test 0003: should display relative timestamp correctly (+HH:MM:SS.mmm)",
              "timedOut": false,
              "duration": 1626,
              "state": "passed",
              "speed": "slow",
              "pass": true,
              "fail": false,
              "pending": false,
              "context": null,
              "code": "this.timeout(15000);\nlet config = vscode.workspace.getConfiguration('unrealLogViewer'); // Initial fetch\nconst settingKey = 'useRelativeTimestamps';\nconsole.log(`Test 0003 - START - Initial effective value of ${settingKey}: ${config.get(settingKey)}`);\nlet currentInspection = config.inspect(settingKey);\nconsole.log(`Test 0003 - START - Initial inspection of ${settingKey}:`, JSON.stringify(currentInspection, null, 2));\n// Attempt to set to true for this test\nconsole.log(`Test 0003 - Attempting to set ${settingKey} to true...`);\nawait config.update(settingKey, true, vscode.ConfigurationTarget.Global);\nawait (0, testUtils_1.delay)(1000); // Increased delay for settings to propagate\nconfig = vscode.workspace.getConfiguration('unrealLogViewer'); // Re-fetch config\nconst currentEffectiveValue = config.get(settingKey);\ncurrentInspection = config.inspect(settingKey);\nconsole.log(`Test 0003 - After update attempts - Effective value of ${settingKey}: ${currentEffectiveValue}`);\nconsole.log(`Test 0003 - After update attempts - Inspection of ${settingKey}:`, JSON.stringify(currentInspection, null, 2));\nassert.strictEqual(currentEffectiveValue, true, `Test 0003: Configuration '${settingKey}' should be true. Effective: ${currentEffectiveValue}. Inspection: ${JSON.stringify(currentInspection)}`);\n// Clear logs AFTER settings are applied and verified\nawait (0, testUtils_1.clearLogs)();\nawait (0, testUtils_1.delay)(testUtils_1.LOG_PROCESSING_DELAY_MS);\nconst currentIsoTimestamp = new Date().toISOString();\nconst testLog = { ...baseLogEntry, date: currentIsoTimestamp, category: 'RelativeTimestampTest' };\nconst testLogMessage = JSON.stringify(testLog) + '\\n';\nawait (0, testUtils_1.sendTcpLogMessage)(testUtils_1.TEST_PORT, testLogMessage, 'Relative Timestamp Test: '); // Use TEST_PORT\nawait (0, testUtils_1.delay)(testUtils_1.LOG_PROCESSING_DELAY_MS * 2); // Increased delay for processing\nconst receivedLog = await (0, testUtils_1.getAndVerifyLogEntry)(testLog, 'Relative Timestamp Test');\nassert.ok(receivedLog, 'Log entry for relative timestamp test should be present.');\nassert.match(receivedLog.date, /^\\+\\d{2}:\\d{2}:\\d{2}\\.\\d{3}$/, `The timestamp \"${receivedLog.date}\" should be relative. Effective '${settingKey}' was: ${currentEffectiveValue}. ` +\n    `Input ISO: ${currentIsoTimestamp}.`);\nconsole.log(`Relative timestamp received: ${receivedLog.date}`);",
              "err": {},
              "uuid": "0c2c3ff8-6ce5-4668-85df-50adf7e1d309",
              "parentUUID": "f3f51c4d-d92e-4973-8288-755a23c545d9",
              "isHook": false,
              "skipped": false
            }
          ],
          "suites": [],
          "passes": [
            "a45ada4b-ba86-4d57-8df3-856b64c0aabb",
            "0c2c3ff8-6ce5-4668-85df-50adf7e1d309"
          ],
          "failures": [],
          "pending": [],
          "skipped": [],
          "duration": 3238,
          "root": false,
          "rootEmpty": false,
          "_timeout": 20000
        },
        {
          "uuid": "27076438-0c02-4ec2-a500-b37d7e1a66a7",
          "title": "Pause Functionality Tests",
          "fullFile": "p:\\prj\\unreal-log-extension\\out\\test\\ui\\pause.test.js",
          "file": "p:\\prj\\unreal-log-extension\\out\\test\\ui\\pause.test.js",
          "beforeHooks": [
            {
              "title": "\"before all\" hook in \"Pause Functionality Tests\"",
              "fullTitle": "Pause Functionality Tests \"before all\" hook in \"Pause Functionality Tests\"",
              "timedOut": false,
              "duration": 210,
              "state": null,
              "speed": null,
              "pass": false,
              "fail": false,
              "pending": false,
              "context": null,
              "code": "await (0, testUtils_1.activateExtension)();\nawait (0, testUtils_1.focusUnrealLogView)();\nconst config = vscode.workspace.getConfiguration('unrealLogViewer');\noriginalUseRelativeTimestamps = config.get('useRelativeTimestamps');\noriginalTimestampFormat = config.get('timestampFormat');\nawait config.update('useRelativeTimestamps', false, vscode.ConfigurationTarget.Global);\nawait config.update('timestampFormat', 'HH:mm:ss.SSS', vscode.ConfigurationTarget.Global);\nawait (0, testUtils_1.delay)(testUtils_2.SETUP_COMPLETION_DELAY_MS);",
              "err": {},
              "uuid": "54b1573e-f3b9-45fd-a994-cbc1f5349b5f",
              "parentUUID": "27076438-0c02-4ec2-a500-b37d7e1a66a7",
              "isHook": true,
              "skipped": false
            },
            {
              "title": "\"before each\" hook in \"Pause Functionality Tests\"",
              "fullTitle": "Pause Functionality Tests \"before each\" hook in \"Pause Functionality Tests\"",
              "timedOut": false,
              "duration": 202,
              "state": null,
              "speed": null,
              "pass": false,
              "fail": false,
              "pending": false,
              "context": null,
              "code": "await (0, testUtils_1.focusUnrealLogView)();\nawait (0, testUtils_1.clearLogs)();\n// Ensure filters are cleared for pause tests, as they might interact\nawait vscode.commands.executeCommand('unrealLogViewer.setFiltersForTest', { level: '', category: '', message: '' });\nconst isPaused = await vscode.commands.executeCommand('unrealLogViewer.getPauseStateForTest');\nif (isPaused) {\n    await vscode.commands.executeCommand('unrealLogViewer.togglePauseForTest'); // Ensure starts unpaused\n}\nawait (0, testUtils_1.delay)(testUtils_2.SETUP_COMPLETION_DELAY_MS);",
              "err": {},
              "uuid": "81b3055e-60ed-4904-8a95-9937ce0f4593",
              "parentUUID": "27076438-0c02-4ec2-a500-b37d7e1a66a7",
              "isHook": true,
              "skipped": false
            }
          ],
          "afterHooks": [
            {
              "title": "\"after all\" hook in \"Pause Functionality Tests\"",
              "fullTitle": "Pause Functionality Tests \"after all\" hook in \"Pause Functionality Tests\"",
              "timedOut": false,
              "duration": 108,
              "state": null,
              "speed": null,
              "pass": false,
              "fail": false,
              "pending": false,
              "context": null,
              "code": "const config = vscode.workspace.getConfiguration('unrealLogViewer');\nawait config.update('useRelativeTimestamps', originalUseRelativeTimestamps, vscode.ConfigurationTarget.Global);\nawait config.update('timestampFormat', originalTimestampFormat, vscode.ConfigurationTarget.Global);\nawait (0, testUtils_1.delay)(testUtils_2.COMMAND_EXECUTION_DELAY_MS);",
              "err": {},
              "uuid": "dbc1c4f3-f366-4c4b-a121-1af8b1061b94",
              "parentUUID": "27076438-0c02-4ec2-a500-b37d7e1a66a7",
              "isHook": true,
              "skipped": false
            },
            {
              "title": "\"after each\" hook in \"Pause Functionality Tests\"",
              "fullTitle": "Pause Functionality Tests \"after each\" hook in \"Pause Functionality Tests\"",
              "timedOut": false,
              "duration": 204,
              "state": null,
              "speed": null,
              "pass": false,
              "fail": false,
              "pending": false,
              "context": null,
              "code": "await (0, testUtils_1.focusUnrealLogView)();\nconst isPaused = await vscode.commands.executeCommand('unrealLogViewer.getPauseStateForTest');\nif (isPaused) {\n    await vscode.commands.executeCommand('unrealLogViewer.togglePauseForTest');\n}\nawait (0, testUtils_1.clearLogs)();\n// Clear filters after pause tests\nawait vscode.commands.executeCommand('unrealLogViewer.setFiltersForTest', { level: '', category: '', message: '' });\nawait (0, testUtils_1.delay)(testUtils_2.COMMAND_EXECUTION_DELAY_MS);",
              "err": {},
              "uuid": "65995239-23c5-4a95-bc62-a31534b5a725",
              "parentUUID": "27076438-0c02-4ec2-a500-b37d7e1a66a7",
              "isHook": true,
              "skipped": false
            }
          ],
          "tests": [
            {
              "title": "test 0009: should not display new logs when paused",
              "fullTitle": "Pause Functionality Tests test 0009: should not display new logs when paused",
              "timedOut": false,
              "duration": 504,
              "state": "passed",
              "speed": "slow",
              "pass": true,
              "fail": false,
              "pending": false,
              "context": null,
              "code": "const initialLog = { date: new Date().toISOString(), level: 'Log', category: 'PauseTest.0009', message: 'Initial log before pause 0009' };\nawait (0, testUtils_1.sendTcpLogMessage)(testUtils_2.TEST_PORT, JSON.stringify(initialLog));\nawait (0, testUtils_1.delay)(testUtils_2.LOG_PROCESSING_DELAY_MS);\nlet displayedLogs = await (0, testUtils_1.getDisplayedLogMessages)();\nassert.strictEqual(displayedLogs.length, 1, 'Test 0009: Initial log should be displayed');\nawait vscode.commands.executeCommand('unrealLogViewer.togglePauseForTest');\nawait (0, testUtils_1.delay)(testUtils_2.COMMAND_EXECUTION_DELAY_MS);\nconst isPaused = await vscode.commands.executeCommand('unrealLogViewer.getPauseStateForTest');\nassert.strictEqual(isPaused, true, 'Test 0009: Should be paused');\nconst pausedLog = { date: new Date().toISOString(), level: 'Warning', category: 'PauseTest.0009', message: 'Log sent while paused 0009' };\nawait (0, testUtils_1.sendTcpLogMessage)(testUtils_2.TEST_PORT, JSON.stringify(pausedLog));\nawait (0, testUtils_1.delay)(testUtils_2.LOG_PROCESSING_DELAY_MS);\ndisplayedLogs = await (0, testUtils_1.getDisplayedLogMessages)();\nassert.strictEqual(displayedLogs.length, 1, 'Test 0009: No new logs should be displayed when paused. Count should be 1.');\nassert.strictEqual(displayedLogs[0].message, initialLog.message, 'Test 0009: The initially displayed log should still be the one visible');",
              "err": {},
              "uuid": "b2a72249-7180-479c-bf47-2569b5985cbe",
              "parentUUID": "27076438-0c02-4ec2-a500-b37d7e1a66a7",
              "isHook": false,
              "skipped": false
            },
            {
              "title": "test 0010: should display queued logs when resumed",
              "fullTitle": "Pause Functionality Tests test 0010: should display queued logs when resumed",
              "timedOut": false,
              "duration": 503,
              "state": "passed",
              "speed": "slow",
              "pass": true,
              "fail": false,
              "pending": false,
              "context": null,
              "code": "await vscode.commands.executeCommand('unrealLogViewer.togglePauseForTest');\nawait (0, testUtils_1.delay)(testUtils_2.COMMAND_EXECUTION_DELAY_MS);\nconst isPausedStateBeforeSending = await vscode.commands.executeCommand('unrealLogViewer.getPauseStateForTest');\nassert.strictEqual(isPausedStateBeforeSending, true, 'Test 0010: Should be paused initially');\nconst logWhilePaused1 = { date: new Date().toISOString(), level: 'Log', category: 'ResumeTest.0010', message: 'Queued log 1 0010' };\nconst logWhilePaused2 = { date: new Date().toISOString(), level: 'Error', category: 'ResumeTest.0010', message: 'Queued log 2 0010' };\nawait (0, testUtils_1.sendTcpLogMessage)(testUtils_2.TEST_PORT, JSON.stringify(logWhilePaused1));\nawait (0, testUtils_1.sendTcpLogMessage)(testUtils_2.TEST_PORT, JSON.stringify(logWhilePaused2));\nawait (0, testUtils_1.delay)(testUtils_2.LOG_PROCESSING_DELAY_MS);\nlet displayedLogs = await (0, testUtils_1.getDisplayedLogMessages)();\nassert.strictEqual(displayedLogs.length, 0, 'Test 0010: No logs should be displayed while paused and before any initial logs in this test context');\nawait vscode.commands.executeCommand('unrealLogViewer.togglePauseForTest'); // Resume\nawait (0, testUtils_1.delay)(testUtils_2.LOG_PROCESSING_DELAY_MS); // Allow time for queued logs to process\ndisplayedLogs = await (0, testUtils_1.getDisplayedLogMessages)();\nassert.strictEqual(displayedLogs.length, 2, 'Test 0010: Queued logs should be displayed after resume');\nassert.ok(displayedLogs.find(log => log.message === logWhilePaused1.message), 'Test 0010: Queued log 1 not found after resume');\nassert.ok(displayedLogs.find(log => log.message === logWhilePaused2.message), 'Test 0010: Queued log 2 not found after resume');",
              "err": {},
              "uuid": "9dc36587-a9de-4e9d-84ab-0a30345d6499",
              "parentUUID": "27076438-0c02-4ec2-a500-b37d7e1a66a7",
              "isHook": false,
              "skipped": false
            },
            {
              "title": "test 0011: should correctly report pause state via command",
              "fullTitle": "Pause Functionality Tests test 0011: should correctly report pause state via command",
              "timedOut": false,
              "duration": 202,
              "state": "passed",
              "speed": "slow",
              "pass": true,
              "fail": false,
              "pending": false,
              "context": null,
              "code": "const initialPauseState = await vscode.commands.executeCommand('unrealLogViewer.getPauseStateForTest');\nassert.strictEqual(initialPauseState, false, 'Test 0011: Initial pause state should be false');\nawait vscode.commands.executeCommand('unrealLogViewer.togglePauseForTest');\nawait (0, testUtils_1.delay)(testUtils_2.COMMAND_EXECUTION_DELAY_MS);\nconst pausedState = await vscode.commands.executeCommand('unrealLogViewer.getPauseStateForTest');\nassert.strictEqual(pausedState, true, 'Test 0011: Pause state should be true after toggling once');\nawait vscode.commands.executeCommand('unrealLogViewer.togglePauseForTest');\nawait (0, testUtils_1.delay)(testUtils_2.COMMAND_EXECUTION_DELAY_MS);\nconst unpausedState = await vscode.commands.executeCommand('unrealLogViewer.getPauseStateForTest');\nassert.strictEqual(unpausedState, false, 'Test 0011: Pause state should be false after toggling again');",
              "err": {},
              "uuid": "d9438b8c-cf4a-4b95-b2cb-5e21fd71c60a",
              "parentUUID": "27076438-0c02-4ec2-a500-b37d7e1a66a7",
              "isHook": false,
              "skipped": false
            }
          ],
          "suites": [],
          "passes": [
            "b2a72249-7180-479c-bf47-2569b5985cbe",
            "9dc36587-a9de-4e9d-84ab-0a30345d6499",
            "d9438b8c-cf4a-4b95-b2cb-5e21fd71c60a"
          ],
          "failures": [],
          "pending": [],
          "skipped": [],
          "duration": 1209,
          "root": false,
          "rootEmpty": false,
          "_timeout": 20000
        }
      ],
      "passes": [],
      "failures": [],
      "pending": [],
      "skipped": [],
      "duration": 0,
      "root": true,
      "rootEmpty": true,
      "_timeout": 20000
    }
  ],
  "meta": {
    "mocha": {
      "version": "11.4.0"
    },
    "mochawesome": {
      "options": {
        "quiet": true,
        "reportFilename": "report",
        "saveHtml": true,
        "saveJson": true,
        "consoleReporter": "spec",
        "useInlineDiffs": false,
        "code": true
      },
      "version": "7.1.3"
    },
    "marge": {
      "options": {
        "reportDir": "P:\\prj\\unreal-log-extension\\test-results\\mochawesome",
        "reportFilename": "report",
        "quiet": true,
        "json": true,
        "html": true
      },
      "version": "6.2.0"
    }
  }
}