{
  "stats": {
    "suites": 6,
    "tests": 14,
    "passes": 14,
    "pending": 0,
    "failures": 0,
    "start": "2025-05-21T22:25:04.448Z",
    "end": "2025-05-21T22:25:07.523Z",
    "duration": 3075,
    "testsRegistered": 14,
    "passPercent": 100,
    "pendingPercent": 0,
    "other": 0,
    "hasOther": false,
    "skipped": 0,
    "hasSkipped": false
  },
  "results": [
    {
      "uuid": "c5262a2b-e551-4528-ab15-4a380578ed64",
      "title": "",
      "fullFile": "",
      "file": "",
      "beforeHooks": [
        {
          "title": "\"before all\" hook in \"{root}\"",
          "fullTitle": "\"before all\" hook in \"{root}\"",
          "timedOut": false,
          "duration": 131,
          "state": null,
          "speed": null,
          "pass": false,
          "fail": false,
          "pending": false,
          "context": null,
          "code": "await (0, testUtils_1.activateExtension)();\nawait (0, testUtils_1.focusUnrealLogView)();\nawait (0, testUtils_1.delay)((0, testUtils_1.getWebviewReadyDelayMs)()); // Ensure webview is ready",
          "err": {},
          "uuid": "3f4f82b4-4d0a-4f1b-892d-b8839d0df66e",
          "parentUUID": "c5262a2b-e551-4528-ab15-4a380578ed64",
          "isHook": true,
          "skipped": false
        },
        {
          "title": "\"before all\" hook in \"{root}\"",
          "fullTitle": "\"before all\" hook in \"{root}\"",
          "timedOut": false,
          "duration": 4,
          "state": null,
          "speed": null,
          "pass": false,
          "fail": false,
          "pending": false,
          "context": null,
          "code": "await (0, testUtils_1.activateExtension)();\nawait (0, testUtils_1.focusUnrealLogView)();",
          "err": {},
          "uuid": "c209557b-d19e-4505-a465-a80324398cdb",
          "parentUUID": "c5262a2b-e551-4528-ab15-4a380578ed64",
          "isHook": true,
          "skipped": false
        }
      ],
      "afterHooks": [],
      "tests": [],
      "suites": [
        {
          "uuid": "a233b52a-d5b2-4d1a-b979-fb41a9489f7f",
          "title": "Unreal Log Viewer Extension - Basic Tests",
          "fullFile": "p:\\prj\\UnrealLogViewer\\unreal-log-extension\\out\\test\\ui\\basic.test.js",
          "file": "p:\\prj\\UnrealLogViewer\\unreal-log-extension\\out\\test\\ui\\basic.test.js",
          "beforeHooks": [],
          "afterHooks": [],
          "tests": [
            {
              "title": "should activate the extension",
              "fullTitle": "Unreal Log Viewer Extension - Basic Tests should activate the extension",
              "timedOut": false,
              "duration": 0,
              "state": "passed",
              "speed": "fast",
              "pass": true,
              "fail": false,
              "pending": false,
              "context": null,
              "code": "const extension = vscode.extensions.getExtension('coregames.unreal-log-viewer');\nassert.ok(extension, 'Extension should be found.');\nawait extension.activate();\nassert.ok(extension.isActive, 'Extension should be active after activation.');",
              "err": {},
              "uuid": "4ef1e0e0-7995-428a-b2c1-6bef89964bd9",
              "parentUUID": "a233b52a-d5b2-4d1a-b979-fb41a9489f7f",
              "isHook": false,
              "skipped": false
            },
            {
              "title": "should open the Unreal Log Viewer view in the panel",
              "fullTitle": "Unreal Log Viewer Extension - Basic Tests should open the Unreal Log Viewer view in the panel",
              "timedOut": false,
              "duration": 6,
              "state": "passed",
              "speed": "fast",
              "pass": true,
              "fail": false,
              "pending": false,
              "context": null,
              "code": "const extension = vscode.extensions.getExtension('coregames.unreal-log-viewer');\nassert.ok(extension, 'Extension should be found to open view.');\nif (extension) {\n    if (!extension.isActive) {\n        await extension.activate();\n    }\n    assert.ok(extension.isActive, 'Extension must be active to open view.');\n    // Use the utility function to focus the view, which now handles panel layout\n    await (0, testUtils_1.focusUnrealLogView)();\n    await new Promise(resolve => setTimeout(resolve, (0, testUtils_1.getWebviewReadyDelayMs)()));\n    // At this point, the view should be in the panel and focused.\n    // For this basic test, we'll just assert that the command was called.\n    // More detailed view state assertions can be in other tests.\n    assert.ok(true, 'focusUnrealLogView utility function executed, view should be in panel.');\n}\nelse {\n    assert.fail('Extension was not found, cannot proceed to open view.');\n}",
              "err": {},
              "uuid": "b07677d8-53b3-401a-a051-d968fa71df2e",
              "parentUUID": "a233b52a-d5b2-4d1a-b979-fb41a9489f7f",
              "isHook": false,
              "skipped": false
            }
          ],
          "suites": [],
          "passes": [
            "4ef1e0e0-7995-428a-b2c1-6bef89964bd9",
            "b07677d8-53b3-401a-a051-d968fa71df2e"
          ],
          "failures": [],
          "pending": [],
          "skipped": [],
          "duration": 6,
          "root": false,
          "rootEmpty": false,
          "_timeout": 20000
        },
        {
          "uuid": "1285a6ed-75f8-47a8-bd01-74a54485e463",
          "title": "Unreal Log Viewer - Filter Controls UI Tests",
          "fullFile": "p:\\prj\\UnrealLogViewer\\unreal-log-extension\\out\\test\\ui\\filterControls.test.js",
          "file": "p:\\prj\\UnrealLogViewer\\unreal-log-extension\\out\\test\\ui\\filterControls.test.js",
          "beforeHooks": [],
          "afterHooks": [],
          "tests": [
            {
              "title": "test 0004: should toggle filter visibility when \"Toggle Filter Bar\" command is executed",
              "fullTitle": "Unreal Log Viewer - Filter Controls UI Tests test 0004: should toggle filter visibility when \"Toggle Filter Bar\" command is executed",
              "timedOut": false,
              "duration": 660,
              "state": "passed",
              "speed": "slow",
              "pass": true,
              "fail": false,
              "pending": false,
              "context": null,
              "code": "this.timeout(20000); // Increased timeout for UI operations\nawait (0, testUtils_1.focusUnrealLogView)(); // Ensure the view is focused\nawait (0, testUtils_1.delay)((0, testUtils_1.getWebviewReadyDelayMs)());\n// 1. Get initial state of the filter container\nlet filterControlsElements = await (0, testUtils_1.getWebviewElements)('#filter-controls');\nassert.ok(filterControlsElements.length > 0, 'Filter controls div should exist.');\nlet filterControlsDiv = filterControlsElements[0];\nconst initialIsHidden = filterControlsDiv.attributes.class?.includes('hidden') ?? false;\nconsole.log('Initial filter controls hidden state:', initialIsHidden);\n// 2. Execute the command to toggle filter bar visibility\nconsole.log('Executing command unrealLogViewer.toggleFilterBarVisibility...');\nawait vscode.commands.executeCommand('unrealLogViewer.toggleFilterBarVisibility');\nawait (0, testUtils_1.delay)((0, testUtils_1.getCommandExecutionDelayMs)() + 200); // Allow UI to update (added a bit more delay for message passing)\n// 3. Get new state of the filter container\nfilterControlsElements = await (0, testUtils_1.getWebviewElements)('#filter-controls');\nassert.ok(filterControlsElements.length > 0, 'Filter controls div should still exist.');\nfilterControlsDiv = filterControlsElements[0];\nconst isHiddenAfterFirstToggle = filterControlsDiv.attributes.class?.includes('hidden') ?? false;\nconsole.log('Filter controls hidden state after first toggle:', isHiddenAfterFirstToggle);\n// Assert that the hidden state has changed\nassert.notStrictEqual(isHiddenAfterFirstToggle, initialIsHidden, `Filter controls hidden state should change after first toggle. Initial: ${initialIsHidden}, After toggle: ${isHiddenAfterFirstToggle}`);\n// 4. Execute the command again to toggle back\nconsole.log('Executing command unrealLogViewer.toggleFilterBarVisibility again...');\nawait vscode.commands.executeCommand('unrealLogViewer.toggleFilterBarVisibility');\nawait (0, testUtils_1.delay)((0, testUtils_1.getCommandExecutionDelayMs)() + 200); // Allow UI to update\n// 5. Get final state of the filter container\nfilterControlsElements = await (0, testUtils_1.getWebviewElements)('#filter-controls');\nassert.ok(filterControlsElements.length > 0, 'Filter controls div should still exist after second toggle.');\nfilterControlsDiv = filterControlsElements[0];\nconst isHiddenAfterSecondToggle = filterControlsDiv.attributes.class?.includes('hidden') ?? false;\nconsole.log('Filter controls hidden state after second toggle:', isHiddenAfterSecondToggle);\n// Assert that the hidden state has reverted to the initial state\nassert.strictEqual(isHiddenAfterSecondToggle, initialIsHidden, `Filter controls hidden state should revert to initial after second toggle. Initial: ${initialIsHidden}, After second toggle: ${isHiddenAfterSecondToggle}`);",
              "err": {},
              "uuid": "91a6abb9-0d79-40f2-a533-dcd3bd22a15c",
              "parentUUID": "1285a6ed-75f8-47a8-bd01-74a54485e463",
              "isHook": false,
              "skipped": false
            }
          ],
          "suites": [],
          "passes": [
            "91a6abb9-0d79-40f2-a533-dcd3bd22a15c"
          ],
          "failures": [],
          "pending": [],
          "skipped": [],
          "duration": 660,
          "root": false,
          "rootEmpty": false,
          "_timeout": 20000
        },
        {
          "uuid": "7f3b39d6-9681-4a58-bbf3-7471c08fa20d",
          "title": "UI Filtering Tests",
          "fullFile": "p:\\prj\\UnrealLogViewer\\unreal-log-extension\\out\\test\\ui\\filtering.test.js",
          "file": "p:\\prj\\UnrealLogViewer\\unreal-log-extension\\out\\test\\ui\\filtering.test.js",
          "beforeHooks": [
            {
              "title": "\"before all\" hook in \"UI Filtering Tests\"",
              "fullTitle": "UI Filtering Tests \"before all\" hook in \"UI Filtering Tests\"",
              "timedOut": false,
              "duration": 17,
              "state": null,
              "speed": null,
              "pass": false,
              "fail": false,
              "pending": false,
              "context": null,
              "code": "await (0, testUtils_1.activateExtension)();\nawait (0, testUtils_1.focusUnrealLogView)();\nconst config = vscode.workspace.getConfiguration('unrealLogViewer');\noriginalUseRelativeTimestamps = config.get('useRelativeTimestamps');\noriginalTimestampFormat = config.get('timestampFormat');\nawait config.update('useRelativeTimestamps', false, vscode.ConfigurationTarget.Global);\nawait config.update('timestampFormat', 'HH:mm:ss.SSS', vscode.ConfigurationTarget.Global);\nawait (0, testUtils_1.delay)((0, testUtils_1.getSetupCompletionDelayMs)());",
              "err": {},
              "uuid": "6d3cd8a5-5a57-4596-a9e0-55f33d7e6441",
              "parentUUID": "7f3b39d6-9681-4a58-bbf3-7471c08fa20d",
              "isHook": true,
              "skipped": false
            },
            {
              "title": "\"before each\" hook in \"UI Filtering Tests\"",
              "fullTitle": "UI Filtering Tests \"before each\" hook in \"UI Filtering Tests\"",
              "timedOut": false,
              "duration": 4,
              "state": null,
              "speed": null,
              "pass": false,
              "fail": false,
              "pending": false,
              "context": null,
              "code": "await (0, testUtils_1.focusUnrealLogView)();\nawait (0, testUtils_1.clearLogs)();\nawait vscode.commands.executeCommand('unrealLogViewer.setFiltersForTest', { levelFilter: '', categoryFilter: '', messageFilter: '' });\nconst isPaused = await vscode.commands.executeCommand('unrealLogViewer.getPauseStateForTest');\nif (isPaused) {\n    await vscode.commands.executeCommand('unrealLogViewer.togglePauseForTest');\n}\nawait (0, testUtils_1.delay)((0, testUtils_1.getSetupCompletionDelayMs)());",
              "err": {},
              "uuid": "65ba5739-4e7f-400f-8e9c-f627b3dae509",
              "parentUUID": "7f3b39d6-9681-4a58-bbf3-7471c08fa20d",
              "isHook": true,
              "skipped": false
            }
          ],
          "afterHooks": [
            {
              "title": "\"after all\" hook in \"UI Filtering Tests\"",
              "fullTitle": "UI Filtering Tests \"after all\" hook in \"UI Filtering Tests\"",
              "timedOut": false,
              "duration": 8,
              "state": null,
              "speed": null,
              "pass": false,
              "fail": false,
              "pending": false,
              "context": null,
              "code": "const config = vscode.workspace.getConfiguration('unrealLogViewer');\nawait config.update('useRelativeTimestamps', originalUseRelativeTimestamps, vscode.ConfigurationTarget.Global);\nawait config.update('timestampFormat', originalTimestampFormat, vscode.ConfigurationTarget.Global);\nawait (0, testUtils_1.delay)((0, testUtils_1.getCommandExecutionDelayMs)());",
              "err": {},
              "uuid": "ca627795-1438-4440-9d21-aa9bd6dd11b9",
              "parentUUID": "7f3b39d6-9681-4a58-bbf3-7471c08fa20d",
              "isHook": true,
              "skipped": false
            },
            {
              "title": "\"after each\" hook in \"UI Filtering Tests\"",
              "fullTitle": "UI Filtering Tests \"after each\" hook in \"UI Filtering Tests\"",
              "timedOut": false,
              "duration": 4,
              "state": null,
              "speed": null,
              "pass": false,
              "fail": false,
              "pending": false,
              "context": null,
              "code": "await (0, testUtils_1.focusUnrealLogView)();\nconst isPaused = await vscode.commands.executeCommand('unrealLogViewer.getPauseStateForTest');\nif (isPaused) {\n    await vscode.commands.executeCommand('unrealLogViewer.togglePauseForTest');\n}\nawait (0, testUtils_1.clearLogs)();\nawait vscode.commands.executeCommand('unrealLogViewer.setFiltersForTest', { levelFilter: '', categoryFilter: '', messageFilter: '' });\nawait (0, testUtils_1.delay)((0, testUtils_1.getCommandExecutionDelayMs)());",
              "err": {},
              "uuid": "e4789de8-5db6-4733-8b59-d91a0f371a93",
              "parentUUID": "7f3b39d6-9681-4a58-bbf3-7471c08fa20d",
              "isHook": true,
              "skipped": false
            }
          ],
          "tests": [
            {
              "title": "test 0004: should filter by log level (Error)",
              "fullTitle": "UI Filtering Tests test 0004: should filter by log level (Error)",
              "timedOut": false,
              "duration": 10,
              "state": "passed",
              "speed": "fast",
              "pass": true,
              "fail": false,
              "pending": false,
              "context": null,
              "code": "const logError = { date: new Date().toISOString(), level: 'Error', category: 'TestCat.0004', message: 'Error message 0004' };\nconst logWarning = { date: new Date().toISOString(), level: 'Warning', category: 'TestCat.0004', message: 'Warning message 0004' };\nconst logInfo = { date: new Date().toISOString(), level: 'Log', category: 'TestCat.0004', message: 'Info message 0004' };\nawait (0, testUtils_1.sendTcpLogMessage)(testUtils_1.TEST_PORT, JSON.stringify(logError));\nawait (0, testUtils_1.sendTcpLogMessage)(testUtils_1.TEST_PORT, JSON.stringify(logWarning));\nawait (0, testUtils_1.sendTcpLogMessage)(testUtils_1.TEST_PORT, JSON.stringify(logInfo));\nawait (0, testUtils_1.delay)((0, testUtils_1.getLogProcessingDelayMs)());\nawait vscode.commands.executeCommand('unrealLogViewer.setFiltersForTest', { levelFilter: 'Error' });\nawait (0, testUtils_1.delay)((0, testUtils_1.getCommandExecutionDelayMs)());\nlet displayedLogs = await (0, testUtils_1.getDisplayedLogMessages)();\nassert.strictEqual(displayedLogs.length, 1, 'Test 0004: Should display only 1 log after filtering by Error level');\nassert.strictEqual(displayedLogs[0].message, logError.message, 'Test 0004: Displayed log message mismatch');\nassert.strictEqual(displayedLogs[0].level, 'Error', 'Test 0004: Displayed log level mismatch');\nawait vscode.commands.executeCommand('unrealLogViewer.setFiltersForTest', { levelFilter: '' });\nawait (0, testUtils_1.delay)((0, testUtils_1.getCommandExecutionDelayMs)());\ndisplayedLogs = await (0, testUtils_1.getDisplayedLogMessages)();\nassert.strictEqual(displayedLogs.length, 3, 'Test 0004: Should display all 3 logs after clearing level filter');",
              "err": {},
              "uuid": "9e11c11c-c4f8-48cf-a532-6864e1530dcb",
              "parentUUID": "7f3b39d6-9681-4a58-bbf3-7471c08fa20d",
              "isHook": false,
              "skipped": false
            },
            {
              "title": "test 0005: should filter by category",
              "fullTitle": "UI Filtering Tests test 0005: should filter by category",
              "timedOut": false,
              "duration": 3,
              "state": "passed",
              "speed": "fast",
              "pass": true,
              "fail": false,
              "pending": false,
              "context": null,
              "code": "const logCatA = { date: new Date().toISOString(), level: 'Log', category: 'CategoryA.0005', message: 'Message for CategoryA 0005' };\nconst logCatB = { date: new Date().toISOString(), level: 'Log', category: 'CategoryB.0005', message: 'Message for CategoryB 0005' };\nawait (0, testUtils_1.sendTcpLogMessage)(testUtils_1.TEST_PORT, JSON.stringify(logCatA));\nawait (0, testUtils_1.sendTcpLogMessage)(testUtils_1.TEST_PORT, JSON.stringify(logCatB));\nawait (0, testUtils_1.delay)((0, testUtils_1.getLogProcessingDelayMs)());\nawait vscode.commands.executeCommand('unrealLogViewer.setFiltersForTest', { categoryFilter: 'CategoryA.0005' });\nawait (0, testUtils_1.delay)((0, testUtils_1.getCommandExecutionDelayMs)());\nconst displayedLogs = await (0, testUtils_1.getDisplayedLogMessages)();\nassert.strictEqual(displayedLogs.length, 1, 'Test 0005: Should display only 1 log after filtering by CategoryA.0005');\nassert.strictEqual(displayedLogs[0].category, 'CategoryA.0005', 'Test 0005: Displayed log category mismatch');",
              "err": {},
              "uuid": "4ab9c401-852d-43ac-a5c5-a3c037be2840",
              "parentUUID": "7f3b39d6-9681-4a58-bbf3-7471c08fa20d",
              "isHook": false,
              "skipped": false
            },
            {
              "title": "test 0006: should filter by message content",
              "fullTitle": "UI Filtering Tests test 0006: should filter by message content",
              "timedOut": false,
              "duration": 6,
              "state": "passed",
              "speed": "fast",
              "pass": true,
              "fail": false,
              "pending": false,
              "context": null,
              "code": "const logMsg1 = { date: new Date().toISOString(), level: 'Log', category: 'MessageTest.0006', message: 'This is a unique message content 0006' };\nconst logMsg2 = { date: new Date().toISOString(), level: 'Log', category: 'MessageTest.0006', message: 'Another message 0006' };\nawait (0, testUtils_1.sendTcpLogMessage)(testUtils_1.TEST_PORT, JSON.stringify(logMsg1));\nawait (0, testUtils_1.sendTcpLogMessage)(testUtils_1.TEST_PORT, JSON.stringify(logMsg2));\nawait (0, testUtils_1.delay)((0, testUtils_1.getLogProcessingDelayMs)());\nawait vscode.commands.executeCommand('unrealLogViewer.setFiltersForTest', { messageFilter: 'unique message content' });\nawait (0, testUtils_1.delay)((0, testUtils_1.getCommandExecutionDelayMs)());\nconst displayedLogs = await (0, testUtils_1.getDisplayedLogMessages)();\nassert.strictEqual(displayedLogs.length, 1, 'Test 0006: Should display only 1 log after filtering by message content');\nassert.strictEqual(displayedLogs[0].message, logMsg1.message, 'Test 0006: Displayed log message mismatch');",
              "err": {},
              "uuid": "f365896d-7d3c-4faa-99f1-9fe2034a434d",
              "parentUUID": "7f3b39d6-9681-4a58-bbf3-7471c08fa20d",
              "isHook": false,
              "skipped": false
            },
            {
              "title": "test 0007: should filter by multiple criteria (level and category)",
              "fullTitle": "UI Filtering Tests test 0007: should filter by multiple criteria (level and category)",
              "timedOut": false,
              "duration": 6,
              "state": "passed",
              "speed": "fast",
              "pass": true,
              "fail": false,
              "pending": false,
              "context": null,
              "code": "const logErrorCatA = { date: new Date().toISOString(), level: 'Error', category: 'FilterCatA.0007', message: 'Error in FilterCatA 0007' };\nconst logWarnCatA = { date: new Date().toISOString(), level: 'Warning', category: 'FilterCatA.0007', message: 'Warning in FilterCatA 0007' };\nconst logErrorCatB = { date: new Date().toISOString(), level: 'Error', category: 'FilterCatB.0007', message: 'Error in FilterCatB 0007' };\nawait (0, testUtils_1.sendTcpLogMessage)(testUtils_1.TEST_PORT, JSON.stringify(logErrorCatA));\nawait (0, testUtils_1.sendTcpLogMessage)(testUtils_1.TEST_PORT, JSON.stringify(logWarnCatA));\nawait (0, testUtils_1.sendTcpLogMessage)(testUtils_1.TEST_PORT, JSON.stringify(logErrorCatB));\nawait (0, testUtils_1.delay)((0, testUtils_1.getLogProcessingDelayMs)());\nawait vscode.commands.executeCommand('unrealLogViewer.setFiltersForTest', { levelFilter: 'Error', categoryFilter: 'FilterCatA.0007' });\nawait (0, testUtils_1.delay)((0, testUtils_1.getCommandExecutionDelayMs)());\nconst displayedLogs = await (0, testUtils_1.getDisplayedLogMessages)();\nassert.strictEqual(displayedLogs.length, 1, 'Test 0007: Should display only 1 log after filtering by Error level and FilterCatA.0007');\nassert.strictEqual(displayedLogs[0].message, logErrorCatA.message, 'Test 0007: Displayed log message mismatch');",
              "err": {},
              "uuid": "8498c086-76bf-4b21-9085-7d9adf1a1a23",
              "parentUUID": "7f3b39d6-9681-4a58-bbf3-7471c08fa20d",
              "isHook": false,
              "skipped": false
            },
            {
              "title": "test 0008: should clear all filters",
              "fullTitle": "UI Filtering Tests test 0008: should clear all filters",
              "timedOut": false,
              "duration": 5,
              "state": "passed",
              "speed": "fast",
              "pass": true,
              "fail": false,
              "pending": false,
              "context": null,
              "code": "const log1 = { date: new Date().toISOString(), level: 'Error', category: 'ClearTest.0008', message: 'First message for clear test 0008' };\nconst log2 = { date: new Date().toISOString(), level: 'Log', category: 'ClearTest.0008', message: 'Second message for clear test 0008' };\nawait (0, testUtils_1.sendTcpLogMessage)(testUtils_1.TEST_PORT, JSON.stringify(log1));\nawait (0, testUtils_1.sendTcpLogMessage)(testUtils_1.TEST_PORT, JSON.stringify(log2));\nawait (0, testUtils_1.delay)((0, testUtils_1.getLogProcessingDelayMs)());\nawait vscode.commands.executeCommand('unrealLogViewer.setFiltersForTest', { levelFilter: 'Error' });\nawait (0, testUtils_1.delay)((0, testUtils_1.getCommandExecutionDelayMs)());\nlet displayedLogs = await (0, testUtils_1.getDisplayedLogMessages)();\nassert.strictEqual(displayedLogs.length, 1, 'Test 0008: Should show 1 log after initial filter');\nawait vscode.commands.executeCommand('unrealLogViewer.setFiltersForTest', { levelFilter: '', categoryFilter: '', messageFilter: '' });\nawait (0, testUtils_1.delay)((0, testUtils_1.getCommandExecutionDelayMs)());\ndisplayedLogs = await (0, testUtils_1.getDisplayedLogMessages)();\nassert.strictEqual(displayedLogs.length, 2, 'Test 0008: Should show all 2 logs after clearing filters');",
              "err": {},
              "uuid": "e7292487-066a-49a0-a833-339911e4fb39",
              "parentUUID": "7f3b39d6-9681-4a58-bbf3-7471c08fa20d",
              "isHook": false,
              "skipped": false
            }
          ],
          "suites": [],
          "passes": [
            "9e11c11c-c4f8-48cf-a532-6864e1530dcb",
            "4ab9c401-852d-43ac-a5c5-a3c037be2840",
            "f365896d-7d3c-4faa-99f1-9fe2034a434d",
            "8498c086-76bf-4b21-9085-7d9adf1a1a23",
            "e7292487-066a-49a0-a833-339911e4fb39"
          ],
          "failures": [],
          "pending": [],
          "skipped": [],
          "duration": 30,
          "root": false,
          "rootEmpty": false,
          "_timeout": 20000
        },
        {
          "uuid": "5af89399-fc17-42bb-aef2-3d5be1c09cfa",
          "title": "Unreal Log Viewer - Basic Log Reception",
          "fullFile": "p:\\prj\\UnrealLogViewer\\unreal-log-extension\\out\\test\\ui\\logReceiving.test.js",
          "file": "p:\\prj\\UnrealLogViewer\\unreal-log-extension\\out\\test\\ui\\logReceiving.test.js",
          "beforeHooks": [],
          "afterHooks": [],
          "tests": [
            {
              "title": "test 0001: should receive and display a simple log message via TCP",
              "fullTitle": "Unreal Log Viewer - Basic Log Reception test 0001: should receive and display a simple log message via TCP",
              "timedOut": false,
              "duration": 6,
              "state": "passed",
              "speed": "fast",
              "pass": true,
              "fail": false,
              "pending": false,
              "context": null,
              "code": "this.timeout(15000);\nconst testLog = {\n    date: new Date().toISOString(), // Use current time for simplicity in this basic test\n    category: 'BasicTest',\n    level: 'Info',\n    message: 'Basic TCP log reception test.'\n};\nconst testLogMessage = JSON.stringify(testLog) + '\\n';\nawait (0, testUtils_1.delay)((0, testUtils_1.getLogProcessingDelayMs)()); // Updated\nawait (0, testUtils_1.sendTcpLogMessage)(testUtils_1.TEST_PORT, testLogMessage, 'Basic Reception Test: '); // Use TEST_PORT\nawait (0, testUtils_1.delay)((0, testUtils_1.getCommandExecutionDelayMs)()); // Updated\nconst receivedLog = await (0, testUtils_1.getAndVerifyLogEntry)(testLog, 'Basic Reception Test');\nassert.ok(receivedLog, 'The basic test log entry should be present.');",
              "err": {},
              "uuid": "de07da9d-fe2a-4e42-bf23-ebb3323e2fae",
              "parentUUID": "5af89399-fc17-42bb-aef2-3d5be1c09cfa",
              "isHook": false,
              "skipped": false
            }
          ],
          "suites": [],
          "passes": [
            "de07da9d-fe2a-4e42-bf23-ebb3323e2fae"
          ],
          "failures": [],
          "pending": [],
          "skipped": [],
          "duration": 6,
          "root": false,
          "rootEmpty": false,
          "_timeout": 20000
        },
        {
          "uuid": "df4fcf50-f97e-4dd9-865d-4adc8e8ef151",
          "title": "Unreal Log Viewer - Timestamp Formatting Tests",
          "fullFile": "p:\\prj\\UnrealLogViewer\\unreal-log-extension\\out\\test\\ui\\logReceiving.test.js",
          "file": "p:\\prj\\UnrealLogViewer\\unreal-log-extension\\out\\test\\ui\\logReceiving.test.js",
          "beforeHooks": [
            {
              "title": "\"before all\" hook in \"Unreal Log Viewer - Timestamp Formatting Tests\"",
              "fullTitle": "Unreal Log Viewer - Timestamp Formatting Tests \"before all\" hook in \"Unreal Log Viewer - Timestamp Formatting Tests\"",
              "timedOut": false,
              "duration": 0,
              "state": null,
              "speed": null,
              "pass": false,
              "fail": false,
              "pending": false,
              "context": null,
              "code": "const config = vscode.workspace.getConfiguration('unrealLogViewer');\nconst settingKey = 'useRelativeTimestamps';\nconst formatKey = 'timestampFormat';\n// 1. Inspect and store original values\noriginalUseRelativeInspection = config.inspect(settingKey);\noriginalTimestampFormatInspection = config.inspect(formatKey);\nconsole.log(`Timestamp Suite - BEFORE - Initial inspection of ${settingKey}:`, JSON.stringify(originalUseRelativeInspection, null, 2));\nconsole.log(`Timestamp Suite - BEFORE - Initial inspection of ${formatKey}:`, JSON.stringify(originalTimestampFormatInspection, null, 2));\n// Store effective values\noriginalRelativeSettingForTimestampTests = config.get(settingKey);\noriginalTimestampFormatForTimestampTests = config.get(formatKey);\nconsole.log(`Timestamp Suite - BEFORE - Saved initial settings. Effective ${settingKey}: ${originalRelativeSettingForTimestampTests}, Effective ${formatKey}: ${originalTimestampFormatForTimestampTests}`);",
              "err": {},
              "uuid": "5df5671b-52cd-4034-a40e-8a4916e6a6dd",
              "parentUUID": "df4fcf50-f97e-4dd9-865d-4adc8e8ef151",
              "isHook": true,
              "skipped": false
            },
            {
              "title": "\"before each\" hook in \"Unreal Log Viewer - Timestamp Formatting Tests\"",
              "fullTitle": "Unreal Log Viewer - Timestamp Formatting Tests \"before each\" hook in \"Unreal Log Viewer - Timestamp Formatting Tests\"",
              "timedOut": false,
              "duration": 1,
              "state": null,
              "speed": null,
              "pass": false,
              "fail": false,
              "pending": false,
              "context": null,
              "code": "// Each test will now be responsible for setting its config and then clearing logs.\nconsole.log(\"Timestamp Suite - beforeEach: (No longer clearing logs here)\");\n// Ensure any config changes from a previous test in this suite are processed before the next one starts.\nawait (0, testUtils_1.delay)((0, testUtils_1.getSetupCompletionDelayMs)()); // Updated",
              "err": {},
              "uuid": "3ba51b21-f94d-4d19-96f7-b41cf26c9e6b",
              "parentUUID": "df4fcf50-f97e-4dd9-865d-4adc8e8ef151",
              "isHook": true,
              "skipped": false
            }
          ],
          "afterHooks": [
            {
              "title": "\"after all\" hook in \"Unreal Log Viewer - Timestamp Formatting Tests\"",
              "fullTitle": "Unreal Log Viewer - Timestamp Formatting Tests \"after all\" hook in \"Unreal Log Viewer - Timestamp Formatting Tests\"",
              "timedOut": false,
              "duration": 38,
              "state": null,
              "speed": null,
              "pass": false,
              "fail": false,
              "pending": false,
              "context": null,
              "code": "const config = vscode.workspace.getConfiguration('unrealLogViewer');\nconst settingKey = 'useRelativeTimestamps';\nconst formatKey = 'timestampFormat';\nconsole.log(`Timestamp Suite - AFTER - Restoring original settings...`);\n// Restore to original effective values, and attempt to clear workspace overrides specifically.\n// This is a simplified restoration. A more complex one would use the full inspection details.\nawait config.update(settingKey, originalRelativeSettingForTimestampTests, vscode.ConfigurationTarget.Global);\nawait config.update(settingKey, undefined, vscode.ConfigurationTarget.Workspace); // Clear potential workspace override\nawait config.update(formatKey, originalTimestampFormatForTimestampTests, vscode.ConfigurationTarget.Global);\nawait config.update(formatKey, undefined, vscode.ConfigurationTarget.Workspace); // Clear potential workspace override\nawait (0, testUtils_1.delay)((0, testUtils_1.getCommandExecutionDelayMs)() * 5); // Updated\nconsole.log(`Timestamp Suite - AFTER - Settings restored. Effective ${settingKey}: ${config.get(settingKey)}, Effective ${formatKey}: ${config.get(formatKey)}`);\nconst finalInspection = config.inspect(settingKey);\nconsole.log(`Timestamp Suite - AFTER - Final inspection of ${settingKey} after restore:`, JSON.stringify(finalInspection, null, 2));",
              "err": {},
              "uuid": "0fcccda5-d73d-4f83-9c70-5712cf25d20d",
              "parentUUID": "df4fcf50-f97e-4dd9-865d-4adc8e8ef151",
              "isHook": true,
              "skipped": false
            }
          ],
          "tests": [
            {
              "title": "test 0002: should display absolute timestamp correctly (HH:mm:ss.SSS)",
              "fullTitle": "Unreal Log Viewer - Timestamp Formatting Tests test 0002: should display absolute timestamp correctly (HH:mm:ss.SSS)",
              "timedOut": false,
              "duration": 1015,
              "state": "passed",
              "speed": "slow",
              "pass": true,
              "fail": false,
              "pending": false,
              "context": null,
              "code": "this.timeout(20000);\nlet config = vscode.workspace.getConfiguration('unrealLogViewer'); // Initial fetch\nconst settingKey = 'useRelativeTimestamps';\nconst formatKey = 'timestampFormat';\nconsole.log(`Test 0002 - START - Initial effective value of ${settingKey}: ${config.get(settingKey)}`);\nlet currentInspection = config.inspect(settingKey);\nconsole.log(`Test 0002 - START - Initial inspection of ${settingKey}:`, JSON.stringify(currentInspection, null, 2));\n// Attempt to set to false for this test\nconsole.log(`Test 0002 - Attempting to set ${settingKey} to false and ${formatKey} to HH:mm:ss.SSS`);\nawait config.update(settingKey, false, vscode.ConfigurationTarget.Global);\nawait config.update(formatKey, 'HH:mm:ss.SSS', vscode.ConfigurationTarget.Global);\nawait (0, testUtils_1.delay)(1000); // Increased delay for settings to propagate\nconfig = vscode.workspace.getConfiguration('unrealLogViewer'); // Re-fetch config\nconst currentEffectiveValue = config.get(settingKey);\ncurrentInspection = config.inspect(settingKey);\nconsole.log(`Test 0002 - After update attempts - Effective value of ${settingKey}: ${currentEffectiveValue}`);\nconsole.log(`Test 0002 - After update attempts - Inspection of ${settingKey}:`, JSON.stringify(currentInspection, null, 2));\nassert.strictEqual(currentEffectiveValue, false, `Test 0002: Configuration '${settingKey}' should be false. Effective: ${currentEffectiveValue}. Inspection: ${JSON.stringify(currentInspection)}`);\n// Clear logs AFTER settings are applied and verified for this test\nawait (0, testUtils_1.clearLogs)();\nawait (0, testUtils_1.delay)((0, testUtils_1.getLogProcessingDelayMs)()); // Updated\nconst currentIsoTimestamp = new Date().toISOString();\nconst testLog = { ...baseLogEntry, date: currentIsoTimestamp };\nconst testLogMessage = JSON.stringify(testLog) + '\\n';\nawait (0, testUtils_1.sendTcpLogMessage)(testUtils_1.TEST_PORT, testLogMessage, 'Absolute Timestamp Test: '); // Use TEST_PORT\nawait (0, testUtils_1.delay)((0, testUtils_1.getLogProcessingDelayMs)() * 2); // Updated\nconst receivedLog = await (0, testUtils_1.getAndVerifyLogEntry)(testLog, 'Absolute Timestamp Test');\nassert.ok(receivedLog, 'Log entry for absolute timestamp test should be present.');\n// Simulate the provider's behavior for expected time calculation:\n// 1. The provider receives an ISO string (e.g., \"2025-05-21T00:05:19.462Z\")\n// 2. It strips the 'Z' -> \"2025-05-21T00:05:19.462\"\n// 3. It parses this Z-stripped string with `new Date()`, which interprets it as local time.\nconst timestampWithoutZ = currentIsoTimestamp.endsWith('Z')\n    ? currentIsoTimestamp.slice(0, -1)\n    : currentIsoTimestamp;\nconst dateAsParsedByProvider = new Date(timestampWithoutZ);\nconst h = dateAsParsedByProvider.getHours().toString().padStart(2, '0');\nconst m = dateAsParsedByProvider.getMinutes().toString().padStart(2, '0');\nconst s = dateAsParsedByProvider.getSeconds().toString().padStart(2, '0');\nconst ms = dateAsParsedByProvider.getMilliseconds().toString().padStart(3, '0');\nconst expectedTime = `${h}:${m}:${s}.${ms}`;\nassert.strictEqual(receivedLog.date, expectedTime, `Absolute timestamp should match provider's parsing logic. Expected: \"${expectedTime}\", Actual: \"${receivedLog.date}\". ` +\n    `Input ISO: ${currentIsoTimestamp}. Effective '${settingKey}' was: ${currentEffectiveValue}. Timestamp sent to provider: ${timestampWithoutZ}`);",
              "err": {},
              "uuid": "41b63820-5933-4ca3-b835-53c9d8388dff",
              "parentUUID": "df4fcf50-f97e-4dd9-865d-4adc8e8ef151",
              "isHook": false,
              "skipped": false
            },
            {
              "title": "test 0003: should display relative timestamp correctly (+HH:MM:SS.mmm)",
              "fullTitle": "Unreal Log Viewer - Timestamp Formatting Tests test 0003: should display relative timestamp correctly (+HH:MM:SS.mmm)",
              "timedOut": false,
              "duration": 1028,
              "state": "passed",
              "speed": "slow",
              "pass": true,
              "fail": false,
              "pending": false,
              "context": null,
              "code": "this.timeout(15000);\nlet config = vscode.workspace.getConfiguration('unrealLogViewer'); // Initial fetch\nconst settingKey = 'useRelativeTimestamps';\nconsole.log(`Test 0003 - START - Initial effective value of ${settingKey}: ${config.get(settingKey)}`);\nlet currentInspection = config.inspect(settingKey);\nconsole.log(`Test 0003 - START - Initial inspection of ${settingKey}:`, JSON.stringify(currentInspection, null, 2));\n// Attempt to set to true for this test\nconsole.log(`Test 0003 - Attempting to set ${settingKey} to true...`);\nawait config.update(settingKey, true, vscode.ConfigurationTarget.Global);\nawait (0, testUtils_1.delay)(1000); // Increased delay for settings to propagate\nconfig = vscode.workspace.getConfiguration('unrealLogViewer'); // Re-fetch config\nconst currentEffectiveValue = config.get(settingKey);\ncurrentInspection = config.inspect(settingKey);\nconsole.log(`Test 0003 - After update attempts - Effective value of ${settingKey}: ${currentEffectiveValue}`);\nconsole.log(`Test 0003 - After update attempts - Inspection of ${settingKey}:`, JSON.stringify(currentInspection, null, 2));\nassert.strictEqual(currentEffectiveValue, true, `Test 0003: Configuration '${settingKey}' should be true. Effective: ${currentEffectiveValue}. Inspection: ${JSON.stringify(currentInspection)}`);\n// Clear logs AFTER settings are applied and verified\nawait (0, testUtils_1.clearLogs)();\nawait (0, testUtils_1.delay)((0, testUtils_1.getLogProcessingDelayMs)()); // Updated\nconst currentIsoTimestamp = new Date().toISOString();\nconst testLog = { ...baseLogEntry, date: currentIsoTimestamp, category: 'RelativeTimestampTest' };\nconst testLogMessage = JSON.stringify(testLog) + '\\n';\nawait (0, testUtils_1.sendTcpLogMessage)(testUtils_1.TEST_PORT, testLogMessage, 'Relative Timestamp Test: '); // Use TEST_PORT\nawait (0, testUtils_1.delay)((0, testUtils_1.getLogProcessingDelayMs)() * 2); // Updated\nconst receivedLog = await (0, testUtils_1.getAndVerifyLogEntry)(testLog, 'Relative Timestamp Test');\nassert.ok(receivedLog, 'Log entry for relative timestamp test should be present.');\nassert.match(receivedLog.date, /^\\+\\d{2}:\\d{2}:\\d{2}\\.\\d{3}$/, `The timestamp \"${receivedLog.date}\" should be relative. Effective '${settingKey}' was: ${currentEffectiveValue}. ` +\n    `Input ISO: ${currentIsoTimestamp}.`);\nconsole.log(`Relative timestamp received: ${receivedLog.date}`);",
              "err": {},
              "uuid": "43e0d362-5404-4e11-ad48-6584e954c2fd",
              "parentUUID": "df4fcf50-f97e-4dd9-865d-4adc8e8ef151",
              "isHook": false,
              "skipped": false
            }
          ],
          "suites": [],
          "passes": [
            "41b63820-5933-4ca3-b835-53c9d8388dff",
            "43e0d362-5404-4e11-ad48-6584e954c2fd"
          ],
          "failures": [],
          "pending": [],
          "skipped": [],
          "duration": 2043,
          "root": false,
          "rootEmpty": false,
          "_timeout": 20000
        },
        {
          "uuid": "bfec7546-4436-483a-8671-7975e52f04c7",
          "title": "Pause Functionality Tests",
          "fullFile": "p:\\prj\\UnrealLogViewer\\unreal-log-extension\\out\\test\\ui\\pause.test.js",
          "file": "p:\\prj\\UnrealLogViewer\\unreal-log-extension\\out\\test\\ui\\pause.test.js",
          "beforeHooks": [
            {
              "title": "\"before all\" hook in \"Pause Functionality Tests\"",
              "fullTitle": "Pause Functionality Tests \"before all\" hook in \"Pause Functionality Tests\"",
              "timedOut": false,
              "duration": 11,
              "state": null,
              "speed": null,
              "pass": false,
              "fail": false,
              "pending": false,
              "context": null,
              "code": "await (0, testUtils_1.activateExtension)();\nawait (0, testUtils_1.focusUnrealLogView)();\nconst config = vscode.workspace.getConfiguration('unrealLogViewer');\noriginalUseRelativeTimestamps = config.get('useRelativeTimestamps');\noriginalTimestampFormat = config.get('timestampFormat');\nawait config.update('useRelativeTimestamps', false, vscode.ConfigurationTarget.Global);\nawait config.update('timestampFormat', 'HH:mm:ss.SSS', vscode.ConfigurationTarget.Global);\nawait (0, testUtils_1.delay)((0, testUtils_1.getSetupCompletionDelayMs)()); // Updated",
              "err": {},
              "uuid": "58677107-98d0-4831-bfbc-c34edef8c147",
              "parentUUID": "bfec7546-4436-483a-8671-7975e52f04c7",
              "isHook": true,
              "skipped": false
            },
            {
              "title": "\"before each\" hook in \"Pause Functionality Tests\"",
              "fullTitle": "Pause Functionality Tests \"before each\" hook in \"Pause Functionality Tests\"",
              "timedOut": false,
              "duration": 4,
              "state": null,
              "speed": null,
              "pass": false,
              "fail": false,
              "pending": false,
              "context": null,
              "code": "await (0, testUtils_1.focusUnrealLogView)();\nawait (0, testUtils_1.clearLogs)();\nawait vscode.commands.executeCommand('unrealLogViewer.setFiltersForTest', { levelFilter: '', categoryFilter: '', messageFilter: '' });\nconst isPaused = await vscode.commands.executeCommand('unrealLogViewer.getPauseStateForTest');\nif (isPaused) {\n    await vscode.commands.executeCommand('unrealLogViewer.togglePauseForTest');\n}\nawait (0, testUtils_1.delay)((0, testUtils_1.getSetupCompletionDelayMs)()); // Updated",
              "err": {},
              "uuid": "740c49eb-3759-4ea1-99b3-25db0c7324b7",
              "parentUUID": "bfec7546-4436-483a-8671-7975e52f04c7",
              "isHook": true,
              "skipped": false
            }
          ],
          "afterHooks": [
            {
              "title": "\"after all\" hook in \"Pause Functionality Tests\"",
              "fullTitle": "Pause Functionality Tests \"after all\" hook in \"Pause Functionality Tests\"",
              "timedOut": false,
              "duration": 14,
              "state": null,
              "speed": null,
              "pass": false,
              "fail": false,
              "pending": false,
              "context": null,
              "code": "const config = vscode.workspace.getConfiguration('unrealLogViewer');\nawait config.update('useRelativeTimestamps', originalUseRelativeTimestamps, vscode.ConfigurationTarget.Global);\nawait config.update('timestampFormat', originalTimestampFormat, vscode.ConfigurationTarget.Global);\nawait (0, testUtils_1.delay)((0, testUtils_1.getCommandExecutionDelayMs)()); // Updated",
              "err": {},
              "uuid": "876a094e-f67d-4493-93db-88bbe011ffe9",
              "parentUUID": "bfec7546-4436-483a-8671-7975e52f04c7",
              "isHook": true,
              "skipped": false
            },
            {
              "title": "\"after each\" hook in \"Pause Functionality Tests\"",
              "fullTitle": "Pause Functionality Tests \"after each\" hook in \"Pause Functionality Tests\"",
              "timedOut": false,
              "duration": 5,
              "state": null,
              "speed": null,
              "pass": false,
              "fail": false,
              "pending": false,
              "context": null,
              "code": "await (0, testUtils_1.focusUnrealLogView)();\nconst isPaused = await vscode.commands.executeCommand('unrealLogViewer.getPauseStateForTest');\nif (isPaused) {\n    await vscode.commands.executeCommand('unrealLogViewer.togglePauseForTest');\n}\nawait (0, testUtils_1.clearLogs)();\nawait vscode.commands.executeCommand('unrealLogViewer.setFiltersForTest', { levelFilter: '', categoryFilter: '', messageFilter: '' });\nawait (0, testUtils_1.delay)((0, testUtils_1.getCommandExecutionDelayMs)()); // Updated",
              "err": {},
              "uuid": "781f4eb2-7a04-43de-bb3a-c0e30d0bae45",
              "parentUUID": "bfec7546-4436-483a-8671-7975e52f04c7",
              "isHook": true,
              "skipped": false
            }
          ],
          "tests": [
            {
              "title": "test 0009: should not display new logs when paused",
              "fullTitle": "Pause Functionality Tests test 0009: should not display new logs when paused",
              "timedOut": false,
              "duration": 7,
              "state": "passed",
              "speed": "fast",
              "pass": true,
              "fail": false,
              "pending": false,
              "context": null,
              "code": "const initialLog = { date: new Date().toISOString(), level: 'Log', category: 'PauseTest.0009', message: 'Initial log before pause 0009' };\nawait (0, testUtils_1.sendTcpLogMessage)(testUtils_1.TEST_PORT, JSON.stringify(initialLog));\nawait (0, testUtils_1.delay)((0, testUtils_1.getLogProcessingDelayMs)()); // Updated\nlet displayedLogs = await (0, testUtils_1.getDisplayedLogMessages)();\nassert.strictEqual(displayedLogs.length, 1, 'Test 0009: Initial log should be displayed');\nawait vscode.commands.executeCommand('unrealLogViewer.togglePauseForTest');\nawait (0, testUtils_1.delay)((0, testUtils_1.getCommandExecutionDelayMs)()); // Updated\nconst isPaused = await vscode.commands.executeCommand('unrealLogViewer.getPauseStateForTest');\nassert.strictEqual(isPaused, true, 'Test 0009: Should be paused');\nconst pausedLog = { date: new Date().toISOString(), level: 'Warning', category: 'PauseTest.0009', message: 'Log sent while paused 0009' };\nawait (0, testUtils_1.sendTcpLogMessage)(testUtils_1.TEST_PORT, JSON.stringify(pausedLog));\nawait (0, testUtils_1.delay)((0, testUtils_1.getLogProcessingDelayMs)()); // Updated\ndisplayedLogs = await (0, testUtils_1.getDisplayedLogMessages)();\nassert.strictEqual(displayedLogs.length, 1, 'Test 0009: No new logs should be displayed when paused. Count should be 1.');\nassert.strictEqual(displayedLogs[0].message, initialLog.message, 'Test 0009: The initially displayed log should still be the one visible');",
              "err": {},
              "uuid": "1450cae5-46a1-4ff9-96c4-20a49ec23399",
              "parentUUID": "bfec7546-4436-483a-8671-7975e52f04c7",
              "isHook": false,
              "skipped": false
            },
            {
              "title": "test 0010: should display queued logs when resumed",
              "fullTitle": "Pause Functionality Tests test 0010: should display queued logs when resumed",
              "timedOut": false,
              "duration": 8,
              "state": "passed",
              "speed": "fast",
              "pass": true,
              "fail": false,
              "pending": false,
              "context": null,
              "code": "await vscode.commands.executeCommand('unrealLogViewer.togglePauseForTest');\nawait (0, testUtils_1.delay)((0, testUtils_1.getCommandExecutionDelayMs)()); // Updated\nconst isPausedStateBeforeSending = await vscode.commands.executeCommand('unrealLogViewer.getPauseStateForTest');\nassert.strictEqual(isPausedStateBeforeSending, true, 'Test 0010: Should be paused initially');\nconst logWhilePaused1 = { date: new Date().toISOString(), level: 'Log', category: 'ResumeTest.0010', message: 'Queued log 1 0010' };\nconst logWhilePaused2 = { date: new Date().toISOString(), level: 'Error', category: 'ResumeTest.0010', message: 'Queued log 2 0010' };\nawait (0, testUtils_1.sendTcpLogMessage)(testUtils_1.TEST_PORT, JSON.stringify(logWhilePaused1));\nawait (0, testUtils_1.sendTcpLogMessage)(testUtils_1.TEST_PORT, JSON.stringify(logWhilePaused2));\nawait (0, testUtils_1.delay)((0, testUtils_1.getLogProcessingDelayMs)()); // Updated\nlet displayedLogs = await (0, testUtils_1.getDisplayedLogMessages)();\nassert.strictEqual(displayedLogs.length, 0, 'Test 0010: No logs should be displayed while paused and before any initial logs in this test context');\nawait vscode.commands.executeCommand('unrealLogViewer.togglePauseForTest'); // Resume\nawait (0, testUtils_1.delay)((0, testUtils_1.getLogProcessingDelayMs)()); // Updated\ndisplayedLogs = await (0, testUtils_1.getDisplayedLogMessages)();\nassert.strictEqual(displayedLogs.length, 2, 'Test 0010: Queued logs should be displayed after resume');\nassert.ok(displayedLogs.find(log => log.message === logWhilePaused1.message), 'Test 0010: Queued log 1 not found after resume');\nassert.ok(displayedLogs.find(log => log.message === logWhilePaused2.message), 'Test 0010: Queued log 2 not found after resume');",
              "err": {},
              "uuid": "f4ea2c8c-faa2-4490-8785-151575e964ce",
              "parentUUID": "bfec7546-4436-483a-8671-7975e52f04c7",
              "isHook": false,
              "skipped": false
            },
            {
              "title": "test 0011: should correctly report pause state via command",
              "fullTitle": "Pause Functionality Tests test 0011: should correctly report pause state via command",
              "timedOut": false,
              "duration": 4,
              "state": "passed",
              "speed": "fast",
              "pass": true,
              "fail": false,
              "pending": false,
              "context": null,
              "code": "const initialPauseState = await vscode.commands.executeCommand('unrealLogViewer.getPauseStateForTest');\nassert.strictEqual(initialPauseState, false, 'Test 0011: Initial pause state should be false');\nawait vscode.commands.executeCommand('unrealLogViewer.togglePauseForTest');\nawait (0, testUtils_1.delay)((0, testUtils_1.getCommandExecutionDelayMs)()); // Updated\nconst pausedState = await vscode.commands.executeCommand('unrealLogViewer.getPauseStateForTest');\nassert.strictEqual(pausedState, true, 'Test 0011: Pause state should be true after toggling once');\nawait vscode.commands.executeCommand('unrealLogViewer.togglePauseForTest');\nawait (0, testUtils_1.delay)((0, testUtils_1.getCommandExecutionDelayMs)()); // Updated\nconst unpausedState = await vscode.commands.executeCommand('unrealLogViewer.getPauseStateForTest');\nassert.strictEqual(unpausedState, false, 'Test 0011: Pause state should be false after toggling again');",
              "err": {},
              "uuid": "cd81f529-a605-453b-9698-279822f6dd27",
              "parentUUID": "bfec7546-4436-483a-8671-7975e52f04c7",
              "isHook": false,
              "skipped": false
            }
          ],
          "suites": [],
          "passes": [
            "1450cae5-46a1-4ff9-96c4-20a49ec23399",
            "f4ea2c8c-faa2-4490-8785-151575e964ce",
            "cd81f529-a605-453b-9698-279822f6dd27"
          ],
          "failures": [],
          "pending": [],
          "skipped": [],
          "duration": 19,
          "root": false,
          "rootEmpty": false,
          "_timeout": 20000
        }
      ],
      "passes": [],
      "failures": [],
      "pending": [],
      "skipped": [],
      "duration": 0,
      "root": true,
      "rootEmpty": true,
      "_timeout": 20000
    }
  ],
  "meta": {
    "mocha": {
      "version": "11.4.0"
    },
    "mochawesome": {
      "options": {
        "quiet": true,
        "reportFilename": "report",
        "saveHtml": true,
        "saveJson": true,
        "consoleReporter": "spec",
        "useInlineDiffs": false,
        "code": true
      },
      "version": "7.1.3"
    },
    "marge": {
      "options": {
        "reportDir": "P:\\prj\\UnrealLogViewer\\unreal-log-extension\\test-results\\mochawesome",
        "reportFilename": "report",
        "quiet": true,
        "json": true,
        "html": true
      },
      "version": "6.2.0"
    }
  }
}