{
  "stats": {
    "suites": 7,
    "tests": 15,
    "passes": 15,
    "pending": 0,
    "failures": 0,
    "start": "2025-05-23T23:21:28.596Z",
    "end": "2025-05-23T23:21:56.599Z",
    "duration": 28003,
    "testsRegistered": 15,
    "passPercent": 100,
    "pendingPercent": 0,
    "other": 0,
    "hasOther": false,
    "skipped": 0,
    "hasSkipped": false
  },
  "results": [
    {
      "uuid": "e799cfe7-69e2-425d-9223-2e9b170d0280",
      "title": "",
      "fullFile": "",
      "file": "",
      "beforeHooks": [
        {
          "title": "\"before all\" hook in \"{root}\"",
          "fullTitle": "\"before all\" hook in \"{root}\"",
          "timedOut": false,
          "duration": 526,
          "state": null,
          "speed": null,
          "pass": false,
          "fail": false,
          "pending": false,
          "context": null,
          "code": "await (0, testUtils_1.activateExtension)();\nawait (0, testUtils_1.focusUnrealLogView)();",
          "err": {},
          "uuid": "c5029fb0-7b6a-4ab9-9bd0-6de8e64af8c0",
          "parentUUID": "e799cfe7-69e2-425d-9223-2e9b170d0280",
          "isHook": true,
          "skipped": false
        },
        {
          "title": "\"before all\" hook in \"{root}\"",
          "fullTitle": "\"before all\" hook in \"{root}\"",
          "timedOut": false,
          "duration": 1007,
          "state": null,
          "speed": null,
          "pass": false,
          "fail": false,
          "pending": false,
          "context": null,
          "code": "await (0, testUtils_1.activateExtension)();\nawait (0, testUtils_1.focusUnrealLogView)();\nawait (0, testUtils_1.delay)((0, testUtils_1.getWebviewReadyDelayMs)()); // Ensure webview is ready",
          "err": {},
          "uuid": "9d54f120-aa23-48d9-8059-310ee8591c53",
          "parentUUID": "e799cfe7-69e2-425d-9223-2e9b170d0280",
          "isHook": true,
          "skipped": false
        },
        {
          "title": "\"before all\" hook in \"{root}\"",
          "fullTitle": "\"before all\" hook in \"{root}\"",
          "timedOut": false,
          "duration": 506,
          "state": null,
          "speed": null,
          "pass": false,
          "fail": false,
          "pending": false,
          "context": null,
          "code": "await (0, testUtils_1.activateExtension)();\nawait (0, testUtils_1.focusUnrealLogView)();",
          "err": {},
          "uuid": "27699015-9b37-4144-b69d-229047e618ed",
          "parentUUID": "e799cfe7-69e2-425d-9223-2e9b170d0280",
          "isHook": true,
          "skipped": false
        }
      ],
      "afterHooks": [],
      "tests": [],
      "suites": [
        {
          "uuid": "37b5ff90-7177-45d8-987a-fb15254daeb5",
          "title": "Unreal Log Viewer Extension - Basic Tests",
          "fullFile": "/Users/hauke/prj/UnrealLogViewer/unreal-log-extension/out/test/ui/basic.test.js",
          "file": "/out/test/ui/basic.test.js",
          "beforeHooks": [],
          "afterHooks": [],
          "tests": [
            {
              "title": "test 0001: should activate the extension",
              "fullTitle": "Unreal Log Viewer Extension - Basic Tests test 0001: should activate the extension",
              "timedOut": false,
              "duration": 0,
              "state": "passed",
              "speed": "fast",
              "pass": true,
              "fail": false,
              "pending": false,
              "context": null,
              "code": "const extension = vscode.extensions.getExtension('coregames.unreal-log-viewer');\nassert.ok(extension, 'Extension should be found.');\nawait extension.activate();\nassert.ok(extension.isActive, 'Extension should be active after activation.');",
              "err": {},
              "uuid": "7d72b3cf-743f-47bb-a1f3-baaeb74d7912",
              "parentUUID": "37b5ff90-7177-45d8-987a-fb15254daeb5",
              "isHook": false,
              "skipped": false
            },
            {
              "title": "test 0002: should open the Unreal Log Viewer view in the panel",
              "fullTitle": "Unreal Log Viewer Extension - Basic Tests test 0002: should open the Unreal Log Viewer view in the panel",
              "timedOut": false,
              "duration": 1009,
              "state": "passed",
              "speed": "slow",
              "pass": true,
              "fail": false,
              "pending": false,
              "context": null,
              "code": "const extension = vscode.extensions.getExtension('coregames.unreal-log-viewer');\nassert.ok(extension, 'Extension should be found to open view.');\nif (extension) {\n    if (!extension.isActive) {\n        await extension.activate();\n    }\n    assert.ok(extension.isActive, 'Extension must be active to open view.');\n    // Use the utility function to focus the view, which now handles panel layout\n    await (0, testUtils_1.focusUnrealLogView)();\n    await new Promise(resolve => setTimeout(resolve, (0, testUtils_1.getWebviewReadyDelayMs)()));\n    // At this point, the view should be in the panel and focused.\n    // For this basic test, we'll just assert that the command was called.\n    // More detailed view state assertions can be in other tests.\n    assert.ok(true, 'focusUnrealLogView utility function executed, view should be in panel.');\n}\nelse {\n    assert.fail('Extension was not found, cannot proceed to open view.');\n}",
              "err": {},
              "uuid": "5e9936ce-3bc0-4380-a88f-f3e892926fc6",
              "parentUUID": "37b5ff90-7177-45d8-987a-fb15254daeb5",
              "isHook": false,
              "skipped": false
            }
          ],
          "suites": [],
          "passes": [
            "7d72b3cf-743f-47bb-a1f3-baaeb74d7912",
            "5e9936ce-3bc0-4380-a88f-f3e892926fc6"
          ],
          "failures": [],
          "pending": [],
          "skipped": [],
          "duration": 1009,
          "root": false,
          "rootEmpty": false,
          "_timeout": 20000
        },
        {
          "uuid": "c1909d7f-2f5b-4239-81f1-d9111f12a726",
          "title": "Unreal Log Viewer - Copy to Clipboard",
          "fullFile": "/Users/hauke/prj/UnrealLogViewer/unreal-log-extension/out/test/ui/copyToClipboard.test.js",
          "file": "/out/test/ui/copyToClipboard.test.js",
          "beforeHooks": [],
          "afterHooks": [],
          "tests": [
            {
              "title": "test 0015: should copy a log message to the clipboard",
              "fullTitle": "Unreal Log Viewer - Copy to Clipboard test 0015: should copy a log message to the clipboard",
              "timedOut": false,
              "duration": 1442,
              "state": "passed",
              "speed": "slow",
              "pass": true,
              "fail": false,
              "pending": false,
              "context": null,
              "code": "this.timeout(15000);\nconst testLog = {\n    date: new Date().toISOString(),\n    category: 'CopyToClipboardTest',\n    level: 'Info',\n    message: 'Log message to copy to clipboard.'\n};\nconst testLogMessage = JSON.stringify(testLog) + '\\\\n';\nawait (0, testUtils_1.delay)((0, testUtils_1.getLogProcessingDelayMs)());\nawait (0, testUtils_1.sendTcpLogMessage)(testUtils_1.TEST_PORT, testLogMessage, 'CopyToClipboardTest: ');\nawait (0, testUtils_1.delay)((0, testUtils_1.getCommandExecutionDelayMs)());\nconst receivedLog = await (0, testUtils_1.getAndVerifyLogEntry)(testLog, 'CopyToClipboardTest');\nassert.ok(receivedLog, 'The log entry should be present.');\n// Give the webview some time to render the log entry\nawait (0, testUtils_1.delay)((0, testUtils_1.getLogProcessingDelayMs)() * 2);\n// Get the log entry element by its ID (assuming the first log entry has ID 'log-entry-0')\nconst logElements = await (0, testUtils_1.getWebviewElements)('#log-entries tr');\nassert.ok(logElements.length > 0, 'Should find at least one log entry element (tr).');\n// Get the text content of the message cell\nconst messageCellElements = await (0, testUtils_1.getWebviewElements)(`#log-entry-0 .col-message`);\nassert.ok(messageCellElements.length > 0, 'Should find the message cell within the log entry row.');\nconst messageTextContent = messageCellElements[0].textContent;\n// Write the text content directly to the clipboard\nawait vscode.env.clipboard.writeText(messageTextContent);\nawait (0, testUtils_1.delay)((0, testUtils_1.getCommandExecutionDelayMs)()); // Give clipboard time to update\n// Verify that the clipboard contains the correct log message.\nconst clipboardText = await vscode.env.clipboard.readText();\nassert.strictEqual(clipboardText, testLog.message, 'Clipboard should contain the log message.');",
              "err": {},
              "uuid": "ab4b7756-175c-4230-b7d3-24c22919de2f",
              "parentUUID": "c1909d7f-2f5b-4239-81f1-d9111f12a726",
              "isHook": false,
              "skipped": false
            }
          ],
          "suites": [],
          "passes": [
            "ab4b7756-175c-4230-b7d3-24c22919de2f"
          ],
          "failures": [],
          "pending": [],
          "skipped": [],
          "duration": 1442,
          "root": false,
          "rootEmpty": false,
          "_timeout": 20000
        },
        {
          "uuid": "edb8ca1c-a01f-497e-9c7c-d560033ecc6c",
          "title": "Unreal Log Viewer - Filter Controls UI Tests",
          "fullFile": "/Users/hauke/prj/UnrealLogViewer/unreal-log-extension/out/test/ui/filterControls.test.js",
          "file": "/out/test/ui/filterControls.test.js",
          "beforeHooks": [],
          "afterHooks": [],
          "tests": [
            {
              "title": "test 0004: should toggle filter visibility when \"Toggle Filter Bar\" command is executed",
              "fullTitle": "Unreal Log Viewer - Filter Controls UI Tests test 0004: should toggle filter visibility when \"Toggle Filter Bar\" command is executed",
              "timedOut": false,
              "duration": 1632,
              "state": "passed",
              "speed": "slow",
              "pass": true,
              "fail": false,
              "pending": false,
              "context": null,
              "code": "this.timeout(20000); // Increased timeout for UI operations\nawait (0, testUtils_1.focusUnrealLogView)(); // Ensure the view is focused\nawait (0, testUtils_1.delay)((0, testUtils_1.getWebviewReadyDelayMs)());\n// 1. Get initial state of the filter container\nlet filterControlsElements = await (0, testUtils_1.getWebviewElements)('#filter-controls');\nassert.ok(filterControlsElements.length > 0, 'Filter controls div should exist.');\nlet filterControlsDiv = filterControlsElements[0];\nconst initialIsHidden = filterControlsDiv.attributes.class?.includes('hidden') ?? false;\nconsole.log('Initial filter controls hidden state:', initialIsHidden);\n// 2. Execute the command to toggle filter bar visibility\nconsole.log('Executing command unrealLogViewer.toggleFilterBarVisibility...');\nawait vscode.commands.executeCommand('unrealLogViewer.toggleFilterBarVisibility');\nawait (0, testUtils_1.delay)((0, testUtils_1.getCommandExecutionDelayMs)() + 200); // Allow UI to update (added a bit more delay for message passing)\n// 3. Get new state of the filter container\nfilterControlsElements = await (0, testUtils_1.getWebviewElements)('#filter-controls');\nassert.ok(filterControlsElements.length > 0, 'Filter controls div should still exist.');\nfilterControlsDiv = filterControlsElements[0];\nconst isHiddenAfterFirstToggle = filterControlsDiv.attributes.class?.includes('hidden') ?? false;\nconsole.log('Filter controls hidden state after first toggle:', isHiddenAfterFirstToggle);\n// Assert that the hidden state has changed\nassert.notStrictEqual(isHiddenAfterFirstToggle, initialIsHidden, `Filter controls hidden state should change after first toggle. Initial: ${initialIsHidden}, After toggle: ${isHiddenAfterFirstToggle}`);\n// 4. Execute the command again to toggle back\nconsole.log('Executing command unrealLogViewer.toggleFilterBarVisibility again...');\nawait vscode.commands.executeCommand('unrealLogViewer.toggleFilterBarVisibility');\nawait (0, testUtils_1.delay)((0, testUtils_1.getCommandExecutionDelayMs)() + 200); // Allow UI to update\n// 5. Get final state of the filter container\nfilterControlsElements = await (0, testUtils_1.getWebviewElements)('#filter-controls');\nassert.ok(filterControlsElements.length > 0, 'Filter controls div should still exist after second toggle.');\nfilterControlsDiv = filterControlsElements[0];\nconst isHiddenAfterSecondToggle = filterControlsDiv.attributes.class?.includes('hidden') ?? false;\nconsole.log('Filter controls hidden state after second toggle:', isHiddenAfterSecondToggle);\n// Assert that the hidden state has reverted to the initial state\nassert.strictEqual(isHiddenAfterSecondToggle, initialIsHidden, `Filter controls hidden state should revert to initial after second toggle. Initial: ${initialIsHidden}, After second toggle: ${isHiddenAfterSecondToggle}`);",
              "err": {},
              "uuid": "94254108-5e5f-449c-8e02-fa3300c9c235",
              "parentUUID": "edb8ca1c-a01f-497e-9c7c-d560033ecc6c",
              "isHook": false,
              "skipped": false
            }
          ],
          "suites": [],
          "passes": [
            "94254108-5e5f-449c-8e02-fa3300c9c235"
          ],
          "failures": [],
          "pending": [],
          "skipped": [],
          "duration": 1632,
          "root": false,
          "rootEmpty": false,
          "_timeout": 20000
        },
        {
          "uuid": "491067f5-8d2f-4cfb-8e8f-1270e11eba64",
          "title": "UI Filtering Tests",
          "fullFile": "/Users/hauke/prj/UnrealLogViewer/unreal-log-extension/out/test/ui/filtering.test.js",
          "file": "/out/test/ui/filtering.test.js",
          "beforeHooks": [
            {
              "title": "\"before all\" hook in \"UI Filtering Tests\"",
              "fullTitle": "UI Filtering Tests \"before all\" hook in \"UI Filtering Tests\"",
              "timedOut": false,
              "duration": 614,
              "state": null,
              "speed": null,
              "pass": false,
              "fail": false,
              "pending": false,
              "context": null,
              "code": "await (0, testUtils_1.activateExtension)();\nawait (0, testUtils_1.focusUnrealLogView)();\nconst config = vscode.workspace.getConfiguration('unrealLogViewer');\noriginalUseRelativeTimestamps = config.get('useRelativeTimestamps');\noriginalTimestampFormat = config.get('timestampFormat');\nawait config.update('useRelativeTimestamps', false, vscode.ConfigurationTarget.Global);\nawait config.update('timestampFormat', 'HH:mm:ss.SSS', vscode.ConfigurationTarget.Global);\nawait (0, testUtils_1.delay)((0, testUtils_1.getSetupCompletionDelayMs)());",
              "err": {},
              "uuid": "e4e071a6-6a66-4e2f-b0d2-71c8f4f369a3",
              "parentUUID": "491067f5-8d2f-4cfb-8e8f-1270e11eba64",
              "isHook": true,
              "skipped": false
            },
            {
              "title": "\"before each\" hook in \"UI Filtering Tests\"",
              "fullTitle": "UI Filtering Tests \"before each\" hook in \"UI Filtering Tests\"",
              "timedOut": false,
              "duration": 612,
              "state": null,
              "speed": null,
              "pass": false,
              "fail": false,
              "pending": false,
              "context": null,
              "code": "await (0, testUtils_1.focusUnrealLogView)();\nawait (0, testUtils_1.clearLogs)();\nawait vscode.commands.executeCommand('unrealLogViewer.setFiltersForTest', { levelFilter: '', categoryFilter: '', messageFilter: '' });\nconst isPaused = await vscode.commands.executeCommand('unrealLogViewer.getPauseStateForTest');\nif (isPaused) {\n    await vscode.commands.executeCommand('unrealLogViewer.togglePauseForTest');\n}\nawait (0, testUtils_1.delay)((0, testUtils_1.getSetupCompletionDelayMs)());",
              "err": {},
              "uuid": "6ac55355-3eb4-4543-b1f0-fe6f6e849c1c",
              "parentUUID": "491067f5-8d2f-4cfb-8e8f-1270e11eba64",
              "isHook": true,
              "skipped": false
            }
          ],
          "afterHooks": [
            {
              "title": "\"after all\" hook in \"UI Filtering Tests\"",
              "fullTitle": "UI Filtering Tests \"after all\" hook in \"UI Filtering Tests\"",
              "timedOut": false,
              "duration": 113,
              "state": null,
              "speed": null,
              "pass": false,
              "fail": false,
              "pending": false,
              "context": null,
              "code": "const config = vscode.workspace.getConfiguration('unrealLogViewer');\nawait config.update('useRelativeTimestamps', originalUseRelativeTimestamps, vscode.ConfigurationTarget.Global);\nawait config.update('timestampFormat', originalTimestampFormat, vscode.ConfigurationTarget.Global);\nawait (0, testUtils_1.delay)((0, testUtils_1.getCommandExecutionDelayMs)());",
              "err": {},
              "uuid": "b6595d4b-1912-486a-bb33-9e594cfab002",
              "parentUUID": "491067f5-8d2f-4cfb-8e8f-1270e11eba64",
              "isHook": true,
              "skipped": false
            },
            {
              "title": "\"after each\" hook in \"UI Filtering Tests\"",
              "fullTitle": "UI Filtering Tests \"after each\" hook in \"UI Filtering Tests\"",
              "timedOut": false,
              "duration": 607,
              "state": null,
              "speed": null,
              "pass": false,
              "fail": false,
              "pending": false,
              "context": null,
              "code": "await (0, testUtils_1.focusUnrealLogView)();\nconst isPaused = await vscode.commands.executeCommand('unrealLogViewer.getPauseStateForTest');\nif (isPaused) {\n    await vscode.commands.executeCommand('unrealLogViewer.togglePauseForTest');\n}\nawait (0, testUtils_1.clearLogs)();\nawait vscode.commands.executeCommand('unrealLogViewer.setFiltersForTest', { levelFilter: '', categoryFilter: '', messageFilter: '' });\nawait (0, testUtils_1.delay)((0, testUtils_1.getCommandExecutionDelayMs)());",
              "err": {},
              "uuid": "431bf6c2-21fc-4b35-babb-97888cd55e8c",
              "parentUUID": "491067f5-8d2f-4cfb-8e8f-1270e11eba64",
              "isHook": true,
              "skipped": false
            }
          ],
          "tests": [
            {
              "title": "test 0004: should filter by log level (Error)",
              "fullTitle": "UI Filtering Tests test 0004: should filter by log level (Error)",
              "timedOut": false,
              "duration": 618,
              "state": "passed",
              "speed": "slow",
              "pass": true,
              "fail": false,
              "pending": false,
              "context": null,
              "code": "const logError = { date: new Date().toISOString(), level: 'Error', category: 'TestCat.0004', message: 'Error message 0004' };\nconst logWarning = { date: new Date().toISOString(), level: 'Warning', category: 'TestCat.0004', message: 'Warning message 0004' };\nconst logInfo = { date: new Date().toISOString(), level: 'Log', category: 'TestCat.0004', message: 'Info message 0004' };\nawait (0, testUtils_1.sendTcpLogMessage)(testUtils_1.TEST_PORT, JSON.stringify(logError));\nawait (0, testUtils_1.sendTcpLogMessage)(testUtils_1.TEST_PORT, JSON.stringify(logWarning));\nawait (0, testUtils_1.sendTcpLogMessage)(testUtils_1.TEST_PORT, JSON.stringify(logInfo));\nawait (0, testUtils_1.delay)((0, testUtils_1.getLogProcessingDelayMs)());\nawait vscode.commands.executeCommand('unrealLogViewer.setFiltersForTest', { levelFilter: 'Error' });\nawait (0, testUtils_1.delay)((0, testUtils_1.getCommandExecutionDelayMs)());\nlet displayedLogs = await (0, testUtils_1.getDisplayedLogMessages)();\nassert.strictEqual(displayedLogs.length, 1, 'Test 0004: Should display only 1 log after filtering by Error level');\nassert.strictEqual(displayedLogs[0].message, logError.message, 'Test 0004: Displayed log message mismatch');\nassert.strictEqual(displayedLogs[0].level, 'Error', 'Test 0004: Displayed log level mismatch');\nawait vscode.commands.executeCommand('unrealLogViewer.setFiltersForTest', { levelFilter: '' });\nawait (0, testUtils_1.delay)((0, testUtils_1.getCommandExecutionDelayMs)());\ndisplayedLogs = await (0, testUtils_1.getDisplayedLogMessages)();\nassert.strictEqual(displayedLogs.length, 3, 'Test 0004: Should display all 3 logs after clearing level filter');",
              "err": {},
              "uuid": "abb5dd4c-e558-4ea7-9b5e-a735bca2051b",
              "parentUUID": "491067f5-8d2f-4cfb-8e8f-1270e11eba64",
              "isHook": false,
              "skipped": false
            },
            {
              "title": "test 0005: should filter by category",
              "fullTitle": "UI Filtering Tests test 0005: should filter by category",
              "timedOut": false,
              "duration": 520,
              "state": "passed",
              "speed": "slow",
              "pass": true,
              "fail": false,
              "pending": false,
              "context": null,
              "code": "const logCatA = { date: new Date().toISOString(), level: 'Log', category: 'CategoryA.0005', message: 'Message for CategoryA 0005' };\nconst logCatB = { date: new Date().toISOString(), level: 'Log', category: 'CategoryB.0005', message: 'Message for CategoryB 0005' };\nawait (0, testUtils_1.sendTcpLogMessage)(testUtils_1.TEST_PORT, JSON.stringify(logCatA));\nawait (0, testUtils_1.sendTcpLogMessage)(testUtils_1.TEST_PORT, JSON.stringify(logCatB));\nawait (0, testUtils_1.delay)((0, testUtils_1.getLogProcessingDelayMs)());\nawait vscode.commands.executeCommand('unrealLogViewer.setFiltersForTest', { categoryFilter: 'CategoryA.0005' });\nawait (0, testUtils_1.delay)((0, testUtils_1.getCommandExecutionDelayMs)());\nconst displayedLogs = await (0, testUtils_1.getDisplayedLogMessages)();\nassert.strictEqual(displayedLogs.length, 1, 'Test 0005: Should display only 1 log after filtering by CategoryA.0005');\nassert.strictEqual(displayedLogs[0].category, 'CategoryA.0005', 'Test 0005: Displayed log category mismatch');",
              "err": {},
              "uuid": "0e2fa6eb-14ad-4e61-8b0e-6a81e9c82916",
              "parentUUID": "491067f5-8d2f-4cfb-8e8f-1270e11eba64",
              "isHook": false,
              "skipped": false
            },
            {
              "title": "test 0006: should filter by message content",
              "fullTitle": "UI Filtering Tests test 0006: should filter by message content",
              "timedOut": false,
              "duration": 522,
              "state": "passed",
              "speed": "slow",
              "pass": true,
              "fail": false,
              "pending": false,
              "context": null,
              "code": "const logMsg1 = { date: new Date().toISOString(), level: 'Log', category: 'MessageTest.0006', message: 'This is a unique message content 0006' };\nconst logMsg2 = { date: new Date().toISOString(), level: 'Log', category: 'MessageTest.0006', message: 'Another message 0006' };\nawait (0, testUtils_1.sendTcpLogMessage)(testUtils_1.TEST_PORT, JSON.stringify(logMsg1));\nawait (0, testUtils_1.sendTcpLogMessage)(testUtils_1.TEST_PORT, JSON.stringify(logMsg2));\nawait (0, testUtils_1.delay)((0, testUtils_1.getLogProcessingDelayMs)());\nawait vscode.commands.executeCommand('unrealLogViewer.setFiltersForTest', { messageFilter: 'unique message content' });\nawait (0, testUtils_1.delay)((0, testUtils_1.getCommandExecutionDelayMs)());\nconst displayedLogs = await (0, testUtils_1.getDisplayedLogMessages)();\nassert.strictEqual(displayedLogs.length, 1, 'Test 0006: Should display only 1 log after filtering by message content');\nassert.strictEqual(displayedLogs[0].message, logMsg1.message, 'Test 0006: Displayed log message mismatch');",
              "err": {},
              "uuid": "4a00da26-207d-49a4-9bca-0d68d7ddfe1e",
              "parentUUID": "491067f5-8d2f-4cfb-8e8f-1270e11eba64",
              "isHook": false,
              "skipped": false
            },
            {
              "title": "test 0007: should filter by multiple criteria (level and category)",
              "fullTitle": "UI Filtering Tests test 0007: should filter by multiple criteria (level and category)",
              "timedOut": false,
              "duration": 519,
              "state": "passed",
              "speed": "slow",
              "pass": true,
              "fail": false,
              "pending": false,
              "context": null,
              "code": "const logErrorCatA = { date: new Date().toISOString(), level: 'Error', category: 'FilterCatA.0007', message: 'Error in FilterCatA 0007' };\nconst logWarnCatA = { date: new Date().toISOString(), level: 'Warning', category: 'FilterCatA.0007', message: 'Warning in FilterCatA 0007' };\nconst logErrorCatB = { date: new Date().toISOString(), level: 'Error', category: 'FilterCatB.0007', message: 'Error in FilterCatB 0007' };\nawait (0, testUtils_1.sendTcpLogMessage)(testUtils_1.TEST_PORT, JSON.stringify(logErrorCatA));\nawait (0, testUtils_1.sendTcpLogMessage)(testUtils_1.TEST_PORT, JSON.stringify(logWarnCatA));\nawait (0, testUtils_1.sendTcpLogMessage)(testUtils_1.TEST_PORT, JSON.stringify(logErrorCatB));\nawait (0, testUtils_1.delay)((0, testUtils_1.getLogProcessingDelayMs)());\nawait vscode.commands.executeCommand('unrealLogViewer.setFiltersForTest', { levelFilter: 'Error', categoryFilter: 'FilterCatA.0007' });\nawait (0, testUtils_1.delay)((0, testUtils_1.getCommandExecutionDelayMs)());\nconst displayedLogs = await (0, testUtils_1.getDisplayedLogMessages)();\nassert.strictEqual(displayedLogs.length, 1, 'Test 0007: Should display only 1 log after filtering by Error level and FilterCatA.0007');\nassert.strictEqual(displayedLogs[0].message, logErrorCatA.message, 'Test 0007: Displayed log message mismatch');",
              "err": {},
              "uuid": "e1c1a6a2-aa90-4dd3-8198-4d037cdffda8",
              "parentUUID": "491067f5-8d2f-4cfb-8e8f-1270e11eba64",
              "isHook": false,
              "skipped": false
            },
            {
              "title": "test 0008: should clear all filters",
              "fullTitle": "UI Filtering Tests test 0008: should clear all filters",
              "timedOut": false,
              "duration": 621,
              "state": "passed",
              "speed": "slow",
              "pass": true,
              "fail": false,
              "pending": false,
              "context": null,
              "code": "const log1 = { date: new Date().toISOString(), level: 'Error', category: 'ClearTest.0008', message: 'First message for clear test 0008' };\nconst log2 = { date: new Date().toISOString(), level: 'Log', category: 'ClearTest.0008', message: 'Second message for clear test 0008' };\nawait (0, testUtils_1.sendTcpLogMessage)(testUtils_1.TEST_PORT, JSON.stringify(log1));\nawait (0, testUtils_1.sendTcpLogMessage)(testUtils_1.TEST_PORT, JSON.stringify(log2));\nawait (0, testUtils_1.delay)((0, testUtils_1.getLogProcessingDelayMs)());\nawait vscode.commands.executeCommand('unrealLogViewer.setFiltersForTest', { levelFilter: 'Error' });\nawait (0, testUtils_1.delay)((0, testUtils_1.getCommandExecutionDelayMs)());\nlet displayedLogs = await (0, testUtils_1.getDisplayedLogMessages)();\nassert.strictEqual(displayedLogs.length, 1, 'Test 0008: Should show 1 log after initial filter');\nawait vscode.commands.executeCommand('unrealLogViewer.setFiltersForTest', { levelFilter: '', categoryFilter: '', messageFilter: '' });\nawait (0, testUtils_1.delay)((0, testUtils_1.getCommandExecutionDelayMs)());\ndisplayedLogs = await (0, testUtils_1.getDisplayedLogMessages)();\nassert.strictEqual(displayedLogs.length, 2, 'Test 0008: Should show all 2 logs after clearing filters');",
              "err": {},
              "uuid": "51bbed09-6d29-4b70-8672-ab76f7ec22d2",
              "parentUUID": "491067f5-8d2f-4cfb-8e8f-1270e11eba64",
              "isHook": false,
              "skipped": false
            }
          ],
          "suites": [],
          "passes": [
            "abb5dd4c-e558-4ea7-9b5e-a735bca2051b",
            "0e2fa6eb-14ad-4e61-8b0e-6a81e9c82916",
            "4a00da26-207d-49a4-9bca-0d68d7ddfe1e",
            "e1c1a6a2-aa90-4dd3-8198-4d037cdffda8",
            "51bbed09-6d29-4b70-8672-ab76f7ec22d2"
          ],
          "failures": [],
          "pending": [],
          "skipped": [],
          "duration": 2800,
          "root": false,
          "rootEmpty": false,
          "_timeout": 20000
        },
        {
          "uuid": "a578712f-58da-4853-aabd-a24666b51c66",
          "title": "Unreal Log Viewer - Basic Log Reception",
          "fullFile": "/Users/hauke/prj/UnrealLogViewer/unreal-log-extension/out/test/ui/logReceiving.test.js",
          "file": "/out/test/ui/logReceiving.test.js",
          "beforeHooks": [],
          "afterHooks": [],
          "tests": [
            {
              "title": "test 0001: should receive and display a simple log message via TCP",
              "fullTitle": "Unreal Log Viewer - Basic Log Reception test 0001: should receive and display a simple log message via TCP",
              "timedOut": false,
              "duration": 513,
              "state": "passed",
              "speed": "slow",
              "pass": true,
              "fail": false,
              "pending": false,
              "context": null,
              "code": "this.timeout(15000);\nconst testLog = {\n    date: new Date().toISOString(), // Use current time for simplicity in this basic test\n    category: 'BasicTest',\n    level: 'Info',\n    message: 'Basic TCP log reception test.'\n};\nconst testLogMessage = JSON.stringify(testLog) + '\\n';\nawait (0, testUtils_1.delay)((0, testUtils_1.getLogProcessingDelayMs)()); // Updated\nawait (0, testUtils_1.sendTcpLogMessage)(testUtils_1.TEST_PORT, testLogMessage, 'Basic Reception Test: '); // Use TEST_PORT\nawait (0, testUtils_1.delay)((0, testUtils_1.getCommandExecutionDelayMs)()); // Updated\nconst receivedLog = await (0, testUtils_1.getAndVerifyLogEntry)(testLog, 'Basic Reception Test');\nassert.ok(receivedLog, 'The basic test log entry should be present.');",
              "err": {},
              "uuid": "f81ed297-57dd-4a05-982b-81c87855ea73",
              "parentUUID": "a578712f-58da-4853-aabd-a24666b51c66",
              "isHook": false,
              "skipped": false
            }
          ],
          "suites": [],
          "passes": [
            "f81ed297-57dd-4a05-982b-81c87855ea73"
          ],
          "failures": [],
          "pending": [],
          "skipped": [],
          "duration": 513,
          "root": false,
          "rootEmpty": false,
          "_timeout": 20000
        },
        {
          "uuid": "4a603f3d-7217-4e7c-9e4b-14ac18610c48",
          "title": "Unreal Log Viewer - Timestamp Formatting Tests",
          "fullFile": "/Users/hauke/prj/UnrealLogViewer/unreal-log-extension/out/test/ui/logReceiving.test.js",
          "file": "/out/test/ui/logReceiving.test.js",
          "beforeHooks": [
            {
              "title": "\"before all\" hook in \"Unreal Log Viewer - Timestamp Formatting Tests\"",
              "fullTitle": "Unreal Log Viewer - Timestamp Formatting Tests \"before all\" hook in \"Unreal Log Viewer - Timestamp Formatting Tests\"",
              "timedOut": false,
              "duration": 1,
              "state": null,
              "speed": null,
              "pass": false,
              "fail": false,
              "pending": false,
              "context": null,
              "code": "const config = vscode.workspace.getConfiguration('unrealLogViewer');\nconst settingKey = 'useRelativeTimestamps';\nconst formatKey = 'timestampFormat';\n// 1. Inspect and store original values\noriginalUseRelativeInspection = config.inspect(settingKey);\noriginalTimestampFormatInspection = config.inspect(formatKey);\nconsole.log(`Timestamp Suite - BEFORE - Initial inspection of ${settingKey}:`, JSON.stringify(originalUseRelativeInspection, null, 2));\nconsole.log(`Timestamp Suite - BEFORE - Initial inspection of ${formatKey}:`, JSON.stringify(originalTimestampFormatInspection, null, 2));\n// Store effective values\noriginalRelativeSettingForTimestampTests = config.get(settingKey);\noriginalTimestampFormatForTimestampTests = config.get(formatKey);\nconsole.log(`Timestamp Suite - BEFORE - Saved initial settings. Effective ${settingKey}: ${originalRelativeSettingForTimestampTests}, Effective ${formatKey}: ${originalTimestampFormatForTimestampTests}`);",
              "err": {},
              "uuid": "a9189a90-0161-4921-b578-029c80d68954",
              "parentUUID": "4a603f3d-7217-4e7c-9e4b-14ac18610c48",
              "isHook": true,
              "skipped": false
            },
            {
              "title": "\"before each\" hook in \"Unreal Log Viewer - Timestamp Formatting Tests\"",
              "fullTitle": "Unreal Log Viewer - Timestamp Formatting Tests \"before each\" hook in \"Unreal Log Viewer - Timestamp Formatting Tests\"",
              "timedOut": false,
              "duration": 106,
              "state": null,
              "speed": null,
              "pass": false,
              "fail": false,
              "pending": false,
              "context": null,
              "code": "// Each test will now be responsible for setting its config and then clearing logs.\nconsole.log(\"Timestamp Suite - beforeEach: (No longer clearing logs here)\");\n// Ensure any config changes from a previous test in this suite are processed before the next one starts.\nawait (0, testUtils_1.delay)((0, testUtils_1.getSetupCompletionDelayMs)()); // Updated",
              "err": {},
              "uuid": "fe516094-e8f1-403d-be69-c4bd06d4ff24",
              "parentUUID": "4a603f3d-7217-4e7c-9e4b-14ac18610c48",
              "isHook": true,
              "skipped": false
            }
          ],
          "afterHooks": [
            {
              "title": "\"after all\" hook in \"Unreal Log Viewer - Timestamp Formatting Tests\"",
              "fullTitle": "Unreal Log Viewer - Timestamp Formatting Tests \"after all\" hook in \"Unreal Log Viewer - Timestamp Formatting Tests\"",
              "timedOut": false,
              "duration": 540,
              "state": null,
              "speed": null,
              "pass": false,
              "fail": false,
              "pending": false,
              "context": null,
              "code": "const config = vscode.workspace.getConfiguration('unrealLogViewer');\nconst settingKey = 'useRelativeTimestamps';\nconst formatKey = 'timestampFormat';\nconsole.log(`Timestamp Suite - AFTER - Restoring original settings...`);\n// Restore to original effective values, and attempt to clear workspace overrides specifically.\n// This is a simplified restoration. A more complex one would use the full inspection details.\nawait config.update(settingKey, originalRelativeSettingForTimestampTests, vscode.ConfigurationTarget.Global);\nawait config.update(settingKey, undefined, vscode.ConfigurationTarget.Workspace); // Clear potential workspace override\nawait config.update(formatKey, originalTimestampFormatForTimestampTests, vscode.ConfigurationTarget.Global);\nawait config.update(formatKey, undefined, vscode.ConfigurationTarget.Workspace); // Clear potential workspace override\nawait (0, testUtils_1.delay)((0, testUtils_1.getCommandExecutionDelayMs)() * 5); // Updated\nconsole.log(`Timestamp Suite - AFTER - Settings restored. Effective ${settingKey}: ${config.get(settingKey)}, Effective ${formatKey}: ${config.get(formatKey)}`);\nconst finalInspection = config.inspect(settingKey);\nconsole.log(`Timestamp Suite - AFTER - Final inspection of ${settingKey} after restore:`, JSON.stringify(finalInspection, null, 2));",
              "err": {},
              "uuid": "0e8d31ca-c486-4018-969a-e7814691cfa4",
              "parentUUID": "4a603f3d-7217-4e7c-9e4b-14ac18610c48",
              "isHook": true,
              "skipped": false
            }
          ],
          "tests": [
            {
              "title": "test 0002: should display absolute timestamp correctly (HH:mm:ss.SSS)",
              "fullTitle": "Unreal Log Viewer - Timestamp Formatting Tests test 0002: should display absolute timestamp correctly (HH:mm:ss.SSS)",
              "timedOut": false,
              "duration": 2228,
              "state": "passed",
              "speed": "slow",
              "pass": true,
              "fail": false,
              "pending": false,
              "context": null,
              "code": "this.timeout(20000);\nlet config = vscode.workspace.getConfiguration('unrealLogViewer'); // Initial fetch\nconst settingKey = 'useRelativeTimestamps';\nconst formatKey = 'timestampFormat';\nconsole.log(`Test 0002 - START - Initial effective value of ${settingKey}: ${config.get(settingKey)}`);\nlet currentInspection = config.inspect(settingKey);\nconsole.log(`Test 0002 - START - Initial inspection of ${settingKey}:`, JSON.stringify(currentInspection, null, 2));\n// Attempt to set to false for this test\nconsole.log(`Test 0002 - Attempting to set ${settingKey} to false and ${formatKey} to HH:mm:ss.SSS`);\nawait config.update(settingKey, false, vscode.ConfigurationTarget.Global);\nawait config.update(formatKey, 'HH:mm:ss.SSS', vscode.ConfigurationTarget.Global);\nawait (0, testUtils_1.delay)(1000); // Increased delay for settings to propagate\nconfig = vscode.workspace.getConfiguration('unrealLogViewer'); // Re-fetch config\nconst currentEffectiveValue = config.get(settingKey);\ncurrentInspection = config.inspect(settingKey);\nconsole.log(`Test 0002 - After update attempts - Effective value of ${settingKey}: ${currentEffectiveValue}`);\nconsole.log(`Test 0002 - After update attempts - Inspection of ${settingKey}:`, JSON.stringify(currentInspection, null, 2));\nassert.strictEqual(currentEffectiveValue, false, `Test 0002: Configuration '${settingKey}' should be false. Effective: ${currentEffectiveValue}. Inspection: ${JSON.stringify(currentInspection)}`);\n// Clear logs AFTER settings are applied and verified for this test\nawait (0, testUtils_1.clearLogs)();\nawait (0, testUtils_1.delay)((0, testUtils_1.getLogProcessingDelayMs)()); // Updated\nconst currentIsoTimestamp = new Date().toISOString();\nconst testLog = { ...baseLogEntry, date: currentIsoTimestamp };\nconst testLogMessage = JSON.stringify(testLog) + '\\n';\nawait (0, testUtils_1.sendTcpLogMessage)(testUtils_1.TEST_PORT, testLogMessage, 'Absolute Timestamp Test: '); // Use TEST_PORT\nawait (0, testUtils_1.delay)((0, testUtils_1.getLogProcessingDelayMs)() * 2); // Updated\nconst receivedLog = await (0, testUtils_1.getAndVerifyLogEntry)(testLog, 'Absolute Timestamp Test');\nassert.ok(receivedLog, 'Log entry for absolute timestamp test should be present.');\n// Simulate the provider's behavior for expected time calculation:\n// 1. The provider receives an ISO string (e.g., \"2025-05-21T00:05:19.462Z\")\n// 2. It strips the 'Z' -> \"2025-05-21T00:05:19.462\"\n// 3. It parses this Z-stripped string with `new Date()`, which interprets it as local time.\nconst timestampWithoutZ = currentIsoTimestamp.endsWith('Z')\n    ? currentIsoTimestamp.slice(0, -1)\n    : currentIsoTimestamp;\nconst dateAsParsedByProvider = new Date(timestampWithoutZ);\nconst h = dateAsParsedByProvider.getHours().toString().padStart(2, '0');\nconst m = dateAsParsedByProvider.getMinutes().toString().padStart(2, '0');\nconst s = dateAsParsedByProvider.getSeconds().toString().padStart(2, '0');\nconst ms = dateAsParsedByProvider.getMilliseconds().toString().padStart(3, '0');\nconst expectedTime = `${h}:${m}:${s}.${ms}`;\nassert.strictEqual(receivedLog.date, expectedTime, `Absolute timestamp should match provider's parsing logic. Expected: \"${expectedTime}\", Actual: \"${receivedLog.date}\". ` +\n    `Input ISO: ${currentIsoTimestamp}. Effective '${settingKey}' was: ${currentEffectiveValue}. Timestamp sent to provider: ${timestampWithoutZ}`);",
              "err": {},
              "uuid": "d3f6838a-e5ce-4e8f-81f7-2a978149fcd2",
              "parentUUID": "4a603f3d-7217-4e7c-9e4b-14ac18610c48",
              "isHook": false,
              "skipped": false
            },
            {
              "title": "test 0003: should display relative timestamp correctly (+HH:MM:SS.mmm)",
              "fullTitle": "Unreal Log Viewer - Timestamp Formatting Tests test 0003: should display relative timestamp correctly (+HH:MM:SS.mmm)",
              "timedOut": false,
              "duration": 2241,
              "state": "passed",
              "speed": "slow",
              "pass": true,
              "fail": false,
              "pending": false,
              "context": null,
              "code": "this.timeout(15000);\nlet config = vscode.workspace.getConfiguration('unrealLogViewer'); // Initial fetch\nconst settingKey = 'useRelativeTimestamps';\nconsole.log(`Test 0003 - START - Initial effective value of ${settingKey}: ${config.get(settingKey)}`);\nlet currentInspection = config.inspect(settingKey);\nconsole.log(`Test 0003 - START - Initial inspection of ${settingKey}:`, JSON.stringify(currentInspection, null, 2));\n// Attempt to set to true for this test\nconsole.log(`Test 0003 - Attempting to set ${settingKey} to true...`);\nawait config.update(settingKey, true, vscode.ConfigurationTarget.Global);\nawait (0, testUtils_1.delay)(1000); // Increased delay for settings to propagate\nconfig = vscode.workspace.getConfiguration('unrealLogViewer'); // Re-fetch config\nconst currentEffectiveValue = config.get(settingKey);\ncurrentInspection = config.inspect(settingKey);\nconsole.log(`Test 0003 - After update attempts - Effective value of ${settingKey}: ${currentEffectiveValue}`);\nconsole.log(`Test 0003 - After update attempts - Inspection of ${settingKey}:`, JSON.stringify(currentInspection, null, 2));\nassert.strictEqual(currentEffectiveValue, true, `Test 0003: Configuration '${settingKey}' should be true. Effective: ${currentEffectiveValue}. Inspection: ${JSON.stringify(currentInspection)}`);\n// Clear logs AFTER settings are applied and verified\nawait (0, testUtils_1.clearLogs)();\nawait (0, testUtils_1.delay)((0, testUtils_1.getLogProcessingDelayMs)()); // Updated\nconst currentIsoTimestamp = new Date().toISOString();\nconst testLog = { ...baseLogEntry, date: currentIsoTimestamp, category: 'RelativeTimestampTest' };\nconst testLogMessage = JSON.stringify(testLog) + '\\n';\nawait (0, testUtils_1.sendTcpLogMessage)(testUtils_1.TEST_PORT, testLogMessage, 'Relative Timestamp Test: '); // Use TEST_PORT\nawait (0, testUtils_1.delay)((0, testUtils_1.getLogProcessingDelayMs)() * 2); // Updated\nconst receivedLog = await (0, testUtils_1.getAndVerifyLogEntry)(testLog, 'Relative Timestamp Test');\nassert.ok(receivedLog, 'Log entry for relative timestamp test should be present.');\nassert.match(receivedLog.date, /^\\+\\d{2}:\\d{2}:\\d{2}\\.\\d{3}$/, `The timestamp \"${receivedLog.date}\" should be relative. Effective '${settingKey}' was: ${currentEffectiveValue}. ` +\n    `Input ISO: ${currentIsoTimestamp}.`);\nconsole.log(`Relative timestamp received: ${receivedLog.date}`);",
              "err": {},
              "uuid": "6be005a7-25c7-41e1-83da-3eef1c840dd3",
              "parentUUID": "4a603f3d-7217-4e7c-9e4b-14ac18610c48",
              "isHook": false,
              "skipped": false
            }
          ],
          "suites": [],
          "passes": [
            "d3f6838a-e5ce-4e8f-81f7-2a978149fcd2",
            "6be005a7-25c7-41e1-83da-3eef1c840dd3"
          ],
          "failures": [],
          "pending": [],
          "skipped": [],
          "duration": 4469,
          "root": false,
          "rootEmpty": false,
          "_timeout": 20000
        },
        {
          "uuid": "5da167cc-10d4-49b5-9302-4fbfabec7a03",
          "title": "Pause Functionality Tests",
          "fullFile": "/Users/hauke/prj/UnrealLogViewer/unreal-log-extension/out/test/ui/pause.test.js",
          "file": "/out/test/ui/pause.test.js",
          "beforeHooks": [
            {
              "title": "\"before all\" hook in \"Pause Functionality Tests\"",
              "fullTitle": "Pause Functionality Tests \"before all\" hook in \"Pause Functionality Tests\"",
              "timedOut": false,
              "duration": 620,
              "state": null,
              "speed": null,
              "pass": false,
              "fail": false,
              "pending": false,
              "context": null,
              "code": "await (0, testUtils_1.activateExtension)();\nawait (0, testUtils_1.focusUnrealLogView)();\nconst config = vscode.workspace.getConfiguration('unrealLogViewer');\noriginalUseRelativeTimestamps = config.get('useRelativeTimestamps');\noriginalTimestampFormat = config.get('timestampFormat');\nawait config.update('useRelativeTimestamps', false, vscode.ConfigurationTarget.Global);\nawait config.update('timestampFormat', 'HH:mm:ss.SSS', vscode.ConfigurationTarget.Global);\nawait (0, testUtils_1.delay)((0, testUtils_1.getSetupCompletionDelayMs)()); // Updated",
              "err": {},
              "uuid": "ae6e67dc-27cd-409b-89e7-ac753c618d59",
              "parentUUID": "5da167cc-10d4-49b5-9302-4fbfabec7a03",
              "isHook": true,
              "skipped": false
            },
            {
              "title": "\"before each\" hook in \"Pause Functionality Tests\"",
              "fullTitle": "Pause Functionality Tests \"before each\" hook in \"Pause Functionality Tests\"",
              "timedOut": false,
              "duration": 609,
              "state": null,
              "speed": null,
              "pass": false,
              "fail": false,
              "pending": false,
              "context": null,
              "code": "await (0, testUtils_1.focusUnrealLogView)();\nawait (0, testUtils_1.clearLogs)();\nawait vscode.commands.executeCommand('unrealLogViewer.setFiltersForTest', { levelFilter: '', categoryFilter: '', messageFilter: '' });\nconst isPaused = await vscode.commands.executeCommand('unrealLogViewer.getPauseStateForTest');\nif (isPaused) {\n    await vscode.commands.executeCommand('unrealLogViewer.togglePauseForTest');\n}\nawait (0, testUtils_1.delay)((0, testUtils_1.getSetupCompletionDelayMs)()); // Updated",
              "err": {},
              "uuid": "ed5307f5-e343-4bf2-99a8-ed2c0d64083a",
              "parentUUID": "5da167cc-10d4-49b5-9302-4fbfabec7a03",
              "isHook": true,
              "skipped": false
            }
          ],
          "afterHooks": [
            {
              "title": "\"after all\" hook in \"Pause Functionality Tests\"",
              "fullTitle": "Pause Functionality Tests \"after all\" hook in \"Pause Functionality Tests\"",
              "timedOut": false,
              "duration": 117,
              "state": null,
              "speed": null,
              "pass": false,
              "fail": false,
              "pending": false,
              "context": null,
              "code": "const config = vscode.workspace.getConfiguration('unrealLogViewer');\nawait config.update('useRelativeTimestamps', originalUseRelativeTimestamps, vscode.ConfigurationTarget.Global);\nawait config.update('timestampFormat', originalTimestampFormat, vscode.ConfigurationTarget.Global);\nawait (0, testUtils_1.delay)((0, testUtils_1.getCommandExecutionDelayMs)()); // Updated",
              "err": {},
              "uuid": "4f6f0ff3-5cb3-4b8a-a481-c46cb806788b",
              "parentUUID": "5da167cc-10d4-49b5-9302-4fbfabec7a03",
              "isHook": true,
              "skipped": false
            },
            {
              "title": "\"after each\" hook in \"Pause Functionality Tests\"",
              "fullTitle": "Pause Functionality Tests \"after each\" hook in \"Pause Functionality Tests\"",
              "timedOut": false,
              "duration": 610,
              "state": null,
              "speed": null,
              "pass": false,
              "fail": false,
              "pending": false,
              "context": null,
              "code": "await (0, testUtils_1.focusUnrealLogView)();\nconst isPaused = await vscode.commands.executeCommand('unrealLogViewer.getPauseStateForTest');\nif (isPaused) {\n    await vscode.commands.executeCommand('unrealLogViewer.togglePauseForTest');\n}\nawait (0, testUtils_1.clearLogs)();\nawait vscode.commands.executeCommand('unrealLogViewer.setFiltersForTest', { levelFilter: '', categoryFilter: '', messageFilter: '' });\nawait (0, testUtils_1.delay)((0, testUtils_1.getCommandExecutionDelayMs)()); // Updated",
              "err": {},
              "uuid": "a7d506d2-b2bd-4597-85a3-f0cefdf9e53d",
              "parentUUID": "5da167cc-10d4-49b5-9302-4fbfabec7a03",
              "isHook": true,
              "skipped": false
            }
          ],
          "tests": [
            {
              "title": "test 0009: should not display new logs when paused",
              "fullTitle": "Pause Functionality Tests test 0009: should not display new logs when paused",
              "timedOut": false,
              "duration": 918,
              "state": "passed",
              "speed": "slow",
              "pass": true,
              "fail": false,
              "pending": false,
              "context": null,
              "code": "const initialLog = { date: new Date().toISOString(), level: 'Log', category: 'PauseTest.0009', message: 'Initial log before pause 0009' };\nawait (0, testUtils_1.sendTcpLogMessage)(testUtils_1.TEST_PORT, JSON.stringify(initialLog));\nawait (0, testUtils_1.delay)((0, testUtils_1.getLogProcessingDelayMs)()); // Updated\nlet displayedLogs = await (0, testUtils_1.getDisplayedLogMessages)();\nassert.strictEqual(displayedLogs.length, 1, 'Test 0009: Initial log should be displayed');\nawait vscode.commands.executeCommand('unrealLogViewer.togglePauseForTest');\nawait (0, testUtils_1.delay)((0, testUtils_1.getCommandExecutionDelayMs)()); // Updated\nconst isPaused = await vscode.commands.executeCommand('unrealLogViewer.getPauseStateForTest');\nassert.strictEqual(isPaused, true, 'Test 0009: Should be paused');\nconst pausedLog = { date: new Date().toISOString(), level: 'Warning', category: 'PauseTest.0009', message: 'Log sent while paused 0009' };\nawait (0, testUtils_1.sendTcpLogMessage)(testUtils_1.TEST_PORT, JSON.stringify(pausedLog));\nawait (0, testUtils_1.delay)((0, testUtils_1.getLogProcessingDelayMs)()); // Updated\ndisplayedLogs = await (0, testUtils_1.getDisplayedLogMessages)();\nassert.strictEqual(displayedLogs.length, 1, 'Test 0009: No new logs should be displayed when paused. Count should be 1.');\nassert.strictEqual(displayedLogs[0].message, initialLog.message, 'Test 0009: The initially displayed log should still be the one visible');",
              "err": {},
              "uuid": "68e587f2-c8e1-4590-8ee7-2f2eaa9c17f7",
              "parentUUID": "5da167cc-10d4-49b5-9302-4fbfabec7a03",
              "isHook": false,
              "skipped": false
            },
            {
              "title": "test 0010: should display queued logs when resumed",
              "fullTitle": "Pause Functionality Tests test 0010: should display queued logs when resumed",
              "timedOut": false,
              "duration": 918,
              "state": "passed",
              "speed": "slow",
              "pass": true,
              "fail": false,
              "pending": false,
              "context": null,
              "code": "await vscode.commands.executeCommand('unrealLogViewer.togglePauseForTest');\nawait (0, testUtils_1.delay)((0, testUtils_1.getCommandExecutionDelayMs)()); // Updated\nconst isPausedStateBeforeSending = await vscode.commands.executeCommand('unrealLogViewer.getPauseStateForTest');\nassert.strictEqual(isPausedStateBeforeSending, true, 'Test 0010: Should be paused initially');\nconst logWhilePaused1 = { date: new Date().toISOString(), level: 'Log', category: 'ResumeTest.0010', message: 'Queued log 1 0010' };\nconst logWhilePaused2 = { date: new Date().toISOString(), level: 'Error', category: 'ResumeTest.0010', message: 'Queued log 2 0010' };\nawait (0, testUtils_1.sendTcpLogMessage)(testUtils_1.TEST_PORT, JSON.stringify(logWhilePaused1));\nawait (0, testUtils_1.sendTcpLogMessage)(testUtils_1.TEST_PORT, JSON.stringify(logWhilePaused2));\nawait (0, testUtils_1.delay)((0, testUtils_1.getLogProcessingDelayMs)()); // Updated\nlet displayedLogs = await (0, testUtils_1.getDisplayedLogMessages)();\nassert.strictEqual(displayedLogs.length, 0, 'Test 0010: No logs should be displayed while paused and before any initial logs in this test context');\nawait vscode.commands.executeCommand('unrealLogViewer.togglePauseForTest'); // Resume\nawait (0, testUtils_1.delay)((0, testUtils_1.getLogProcessingDelayMs)()); // Updated\ndisplayedLogs = await (0, testUtils_1.getDisplayedLogMessages)();\nassert.strictEqual(displayedLogs.length, 2, 'Test 0010: Queued logs should be displayed after resume');\nassert.ok(displayedLogs.find(log => log.message === logWhilePaused1.message), 'Test 0010: Queued log 1 not found after resume');\nassert.ok(displayedLogs.find(log => log.message === logWhilePaused2.message), 'Test 0010: Queued log 2 not found after resume');",
              "err": {},
              "uuid": "d3289140-07cd-454f-b88c-643792e10046",
              "parentUUID": "5da167cc-10d4-49b5-9302-4fbfabec7a03",
              "isHook": false,
              "skipped": false
            },
            {
              "title": "test 0011: should correctly report pause state via command",
              "fullTitle": "Pause Functionality Tests test 0011: should correctly report pause state via command",
              "timedOut": false,
              "duration": 212,
              "state": "passed",
              "speed": "slow",
              "pass": true,
              "fail": false,
              "pending": false,
              "context": null,
              "code": "const initialPauseState = await vscode.commands.executeCommand('unrealLogViewer.getPauseStateForTest');\nassert.strictEqual(initialPauseState, false, 'Test 0011: Initial pause state should be false');\nawait vscode.commands.executeCommand('unrealLogViewer.togglePauseForTest');\nawait (0, testUtils_1.delay)((0, testUtils_1.getCommandExecutionDelayMs)()); // Updated\nconst pausedState = await vscode.commands.executeCommand('unrealLogViewer.getPauseStateForTest');\nassert.strictEqual(pausedState, true, 'Test 0011: Pause state should be true after toggling once');\nawait vscode.commands.executeCommand('unrealLogViewer.togglePauseForTest');\nawait (0, testUtils_1.delay)((0, testUtils_1.getCommandExecutionDelayMs)()); // Updated\nconst unpausedState = await vscode.commands.executeCommand('unrealLogViewer.getPauseStateForTest');\nassert.strictEqual(unpausedState, false, 'Test 0011: Pause state should be false after toggling again');",
              "err": {},
              "uuid": "485abe77-063a-4c0b-9867-fa21a85a8bf5",
              "parentUUID": "5da167cc-10d4-49b5-9302-4fbfabec7a03",
              "isHook": false,
              "skipped": false
            }
          ],
          "suites": [],
          "passes": [
            "68e587f2-c8e1-4590-8ee7-2f2eaa9c17f7",
            "d3289140-07cd-454f-b88c-643792e10046",
            "485abe77-063a-4c0b-9867-fa21a85a8bf5"
          ],
          "failures": [],
          "pending": [],
          "skipped": [],
          "duration": 2048,
          "root": false,
          "rootEmpty": false,
          "_timeout": 20000
        }
      ],
      "passes": [],
      "failures": [],
      "pending": [],
      "skipped": [],
      "duration": 0,
      "root": true,
      "rootEmpty": true,
      "_timeout": 20000
    }
  ],
  "meta": {
    "mocha": {
      "version": "11.4.0"
    },
    "mochawesome": {
      "options": {
        "quiet": true,
        "reportFilename": "report",
        "saveHtml": true,
        "saveJson": true,
        "consoleReporter": "spec",
        "useInlineDiffs": false,
        "code": true
      },
      "version": "7.1.3"
    },
    "marge": {
      "options": {
        "reportDir": "/Users/hauke/prj/UnrealLogViewer/unreal-log-extension/test-results/mochawesome",
        "reportFilename": "report",
        "quiet": true,
        "json": true,
        "html": true
      },
      "version": "6.2.0"
    }
  }
}